{"/home/travis/build/npmtest/node-npmtest-firebase-tools/test.js":{"path":"/home/travis/build/npmtest/node-npmtest-firebase-tools/test.js","s":{"1":2,"2":2,"3":2,"4":2,"5":2,"6":2,"7":2,"8":1,"9":2,"10":2,"11":1,"12":1,"13":1,"14":1,"15":2,"16":2,"17":2,"18":2,"19":1,"20":1,"21":2,"22":2,"23":2,"24":1,"25":1,"26":1,"27":1,"28":1,"29":1,"30":1,"31":1,"32":1,"33":1,"34":1,"35":1,"36":1,"37":1,"38":1,"39":2,"40":2,"41":1,"42":2,"43":2,"44":1,"45":2,"46":2,"47":1,"48":2,"49":2,"50":1,"51":1,"52":1,"53":1,"54":1},"b":{"1":[2,1,1,1],"2":[1,1,1,1],"3":[1,1],"4":[1,1],"5":[1,1],"6":[1,1],"7":[1,1],"8":[1,1],"9":[1,1],"10":[1,1,1],"11":[1,1],"12":[1,1],"13":[1,1],"14":[1,1],"15":[1,1],"16":[1,1],"17":[1,1]},"f":{"1":2,"2":2,"3":2,"4":2,"5":2,"6":1,"7":1,"8":1,"9":2,"10":2,"11":2,"12":2,"13":1},"fnMap":{"1":{"name":"(anonymous_1)","line":12,"loc":{"start":{"line":12,"column":1},"end":{"line":12,"column":13}}},"2":{"name":"(anonymous_2)","line":19,"loc":{"start":{"line":19,"column":5},"end":{"line":19,"column":17}}},"3":{"name":"(anonymous_3)","line":23,"loc":{"start":{"line":23,"column":24},"end":{"line":23,"column":36}}},"4":{"name":"(anonymous_4)","line":61,"loc":{"start":{"line":61,"column":5},"end":{"line":61,"column":17}}},"5":{"name":"(anonymous_5)","line":82,"loc":{"start":{"line":82,"column":5},"end":{"line":82,"column":17}}},"6":{"name":"(anonymous_6)","line":91,"loc":{"start":{"line":91,"column":77},"end":{"line":94,"column":10}}},"7":{"name":"(anonymous_7)","line":112,"loc":{"start":{"line":112,"column":83},"end":{"line":115,"column":10}},"skip":true},"8":{"name":"(anonymous_8)","line":123,"loc":{"start":{"line":123,"column":77},"end":{"line":126,"column":10}},"skip":true},"9":{"name":"(anonymous_9)","line":139,"loc":{"start":{"line":139,"column":12},"end":{"line":139,"column":40}},"skip":true},"10":{"name":"(anonymous_10)","line":147,"loc":{"start":{"line":147,"column":77},"end":{"line":150,"column":10}},"skip":true},"11":{"name":"(anonymous_11)","line":158,"loc":{"start":{"line":158,"column":83},"end":{"line":161,"column":10}},"skip":true},"12":{"name":"(anonymous_12)","line":169,"loc":{"start":{"line":169,"column":79},"end":{"line":172,"column":10}},"skip":true},"13":{"name":"(anonymous_13)","line":180,"loc":{"start":{"line":180,"column":75},"end":{"line":183,"column":10}},"skip":true}},"statementMap":{"1":{"start":{"line":12,"column":0},"end":{"line":195,"column":5}},"2":{"start":{"line":14,"column":4},"end":{"line":14,"column":14}},"3":{"start":{"line":19,"column":4},"end":{"line":56,"column":9}},"4":{"start":{"line":21,"column":8},"end":{"line":21,"column":19}},"5":{"start":{"line":23,"column":8},"end":{"line":35,"column":13}},"6":{"start":{"line":24,"column":12},"end":{"line":34,"column":13}},"7":{"start":{"line":25,"column":16},"end":{"line":28,"column":30}},"8":{"start":{"line":30,"column":16},"end":{"line":33,"column":27}},"9":{"start":{"line":37,"column":8},"end":{"line":39,"column":21}},"10":{"start":{"line":40,"column":8},"end":{"line":53,"column":9}},"11":{"start":{"line":43,"column":12},"end":{"line":46,"column":14}},"12":{"start":{"line":47,"column":12},"end":{"line":47,"column":18}},"13":{"start":{"line":50,"column":12},"end":{"line":51,"column":33}},"14":{"start":{"line":52,"column":12},"end":{"line":52,"column":18}},"15":{"start":{"line":55,"column":8},"end":{"line":55,"column":35}},"16":{"start":{"line":61,"column":4},"end":{"line":63,"column":9}},"17":{"start":{"line":62,"column":8},"end":{"line":62,"column":15}},"18":{"start":{"line":64,"column":4},"end":{"line":77,"column":5}},"19":{"start":{"line":70,"column":8},"end":{"line":70,"column":14}},"20":{"start":{"line":76,"column":8},"end":{"line":76,"column":14}},"21":{"start":{"line":82,"column":4},"end":{"line":84,"column":9}},"22":{"start":{"line":83,"column":8},"end":{"line":83,"column":15}},"23":{"start":{"line":85,"column":4},"end":{"line":194,"column":5}},"24":{"start":{"line":91,"column":8},"end":{"line":99,"column":10}},"25":{"start":{"line":98,"column":12},"end":{"line":98,"column":35}},"26":{"start":{"line":102,"column":8},"end":{"line":104,"column":63}},"27":{"start":{"line":105,"column":8},"end":{"line":105,"column":14}},"28":{"start":{"line":112,"column":8},"end":{"line":121,"column":10},"skip":true},"29":{"start":{"line":119,"column":12},"end":{"line":119,"column":55},"skip":true},"30":{"start":{"line":120,"column":12},"end":{"line":120,"column":48},"skip":true},"31":{"start":{"line":123,"column":8},"end":{"line":136,"column":10},"skip":true},"32":{"start":{"line":130,"column":12},"end":{"line":130,"column":76},"skip":true},"33":{"start":{"line":131,"column":12},"end":{"line":131,"column":73},"skip":true},"34":{"start":{"line":132,"column":12},"end":{"line":132,"column":74},"skip":true},"35":{"start":{"line":133,"column":12},"end":{"line":133,"column":79},"skip":true},"36":{"start":{"line":134,"column":12},"end":{"line":134,"column":25},"skip":true},"37":{"start":{"line":135,"column":12},"end":{"line":135,"column":45},"skip":true},"38":{"start":{"line":138,"column":8},"end":{"line":145,"column":14},"skip":true},"39":{"start":{"line":143,"column":16},"end":{"line":143,"column":29},"skip":true},"40":{"start":{"line":144,"column":16},"end":{"line":144,"column":55},"skip":true},"41":{"start":{"line":147,"column":8},"end":{"line":156,"column":10},"skip":true},"42":{"start":{"line":154,"column":12},"end":{"line":154,"column":25},"skip":true},"43":{"start":{"line":155,"column":12},"end":{"line":155,"column":45},"skip":true},"44":{"start":{"line":158,"column":8},"end":{"line":167,"column":10},"skip":true},"45":{"start":{"line":165,"column":12},"end":{"line":165,"column":25},"skip":true},"46":{"start":{"line":166,"column":12},"end":{"line":166,"column":48},"skip":true},"47":{"start":{"line":169,"column":8},"end":{"line":178,"column":10},"skip":true},"48":{"start":{"line":176,"column":12},"end":{"line":176,"column":25},"skip":true},"49":{"start":{"line":177,"column":12},"end":{"line":177,"column":46},"skip":true},"50":{"start":{"line":180,"column":8},"end":{"line":189,"column":10},"skip":true},"51":{"start":{"line":187,"column":12},"end":{"line":187,"column":94},"skip":true},"52":{"start":{"line":188,"column":12},"end":{"line":188,"column":48},"skip":true},"53":{"start":{"line":192,"column":8},"end":{"line":192,"column":35},"skip":true},"54":{"start":{"line":193,"column":8},"end":{"line":193,"column":14},"skip":true}},"branchMap":{"1":{"line":25,"type":"binary-expr","locations":[{"start":{"line":25,"column":23},"end":{"line":25,"column":62}},{"start":{"line":26,"column":20},"end":{"line":26,"column":70}},{"start":{"line":27,"column":20},"end":{"line":27,"column":71}},{"start":{"line":28,"column":20},"end":{"line":28,"column":29}}]},"2":{"line":30,"type":"binary-expr","locations":[{"start":{"line":30,"column":23},"end":{"line":30,"column":37}},{"start":{"line":31,"column":20},"end":{"line":31,"column":61}},{"start":{"line":32,"column":20},"end":{"line":32,"column":70}},{"start":{"line":33,"column":20},"end":{"line":33,"column":26}}]},"3":{"line":37,"type":"cond-expr","locations":[{"start":{"line":38,"column":14},"end":{"line":38,"column":20}},{"start":{"line":39,"column":14},"end":{"line":39,"column":20}}]},"4":{"line":40,"type":"switch","locations":[{"start":{"line":42,"column":8},"end":{"line":47,"column":18}},{"start":{"line":49,"column":8},"end":{"line":52,"column":18}}]},"5":{"line":44,"type":"binary-expr","locations":[{"start":{"line":44,"column":16},"end":{"line":44,"column":44}},{"start":{"line":44,"column":48},"end":{"line":44,"column":66}}]},"6":{"line":50,"type":"binary-expr","locations":[{"start":{"line":50,"column":21},"end":{"line":50,"column":49}},{"start":{"line":50,"column":53},"end":{"line":50,"column":72}}]},"7":{"line":64,"type":"switch","locations":[{"start":{"line":69,"column":4},"end":{"line":70,"column":14}},{"start":{"line":75,"column":4},"end":{"line":76,"column":14}}]},"8":{"line":85,"type":"switch","locations":[{"start":{"line":90,"column":4},"end":{"line":105,"column":14}},{"start":{"line":111,"column":4},"end":{"line":193,"column":14},"skip":true}]},"9":{"line":91,"type":"binary-expr","locations":[{"start":{"line":91,"column":42},"end":{"line":91,"column":73}},{"start":{"line":91,"column":77},"end":{"line":99,"column":9}}]},"10":{"line":102,"type":"binary-expr","locations":[{"start":{"line":102,"column":18},"end":{"line":102,"column":32}},{"start":{"line":103,"column":12},"end":{"line":103,"column":53}},{"start":{"line":104,"column":12},"end":{"line":104,"column":61}}]},"11":{"line":112,"type":"binary-expr","locations":[{"start":{"line":112,"column":45},"end":{"line":112,"column":79},"skip":true},{"start":{"line":112,"column":83},"end":{"line":121,"column":9},"skip":true}]},"12":{"line":123,"type":"binary-expr","locations":[{"start":{"line":123,"column":42},"end":{"line":123,"column":73},"skip":true},{"start":{"line":123,"column":77},"end":{"line":136,"column":9},"skip":true}]},"13":{"line":138,"type":"binary-expr","locations":[{"start":{"line":138,"column":48},"end":{"line":138,"column":85},"skip":true},{"start":{"line":139,"column":12},"end":{"line":145,"column":13},"skip":true}]},"14":{"line":147,"type":"binary-expr","locations":[{"start":{"line":147,"column":42},"end":{"line":147,"column":73},"skip":true},{"start":{"line":147,"column":77},"end":{"line":156,"column":9},"skip":true}]},"15":{"line":158,"type":"binary-expr","locations":[{"start":{"line":158,"column":45},"end":{"line":158,"column":79},"skip":true},{"start":{"line":158,"column":83},"end":{"line":167,"column":9},"skip":true}]},"16":{"line":169,"type":"binary-expr","locations":[{"start":{"line":169,"column":43},"end":{"line":169,"column":75},"skip":true},{"start":{"line":169,"column":79},"end":{"line":178,"column":9},"skip":true}]},"17":{"line":180,"type":"binary-expr","locations":[{"start":{"line":180,"column":41},"end":{"line":180,"column":71},"skip":true},{"start":{"line":180,"column":75},"end":{"line":189,"column":9},"skip":true}]}},"code":["/* istanbul instrument in package npmtest_firebase_tools */","/*jslint","    bitwise: true,","    browser: true,","    maxerr: 8,","    maxlen: 96,","    node: true,","    nomen: true,","    regexp: true,","    stupid: true","*/","(function () {","    'use strict';","    var local;","","","","    // run shared js-env code - init-before","    (function () {","        // init local","        local = {};","        // init modeJs","        local.modeJs = (function () {","            try {","                return typeof navigator.userAgent === 'string' &&","                    typeof document.querySelector('body') === 'object' &&","                    typeof XMLHttpRequest.prototype.open === 'function' &&","                    'browser';","            } catch (errorCaughtBrowser) {","                return module.exports &&","                    typeof process.versions.node === 'string' &&","                    typeof require('http').createServer === 'function' &&","                    'node';","            }","        }());","        // init global","        local.global = local.modeJs === 'browser'","            ? window","            : global;","        switch (local.modeJs) {","        // re-init local from window.local","        case 'browser':","            local = local.global.utility2.objectSetDefault(","                local.global.utility2_rollup || local.global.local,","                local.global.utility2","            );","            break;","        // re-init local from example.js","        case 'node':","            local = (local.global.utility2_rollup || require('utility2'))","                .requireReadme();","            break;","        }","        // export local","        local.global.local = local;","    }());","","","","    // run shared js-env code - function","    (function () {","        return;","    }());","    switch (local.modeJs) {","","","","    // run browser js-env code - function","    case 'browser':","        break;","","","","    // run node js-env code - function","    case 'node':","        break;","    }","","","","    // run shared js-env code - init-after","    (function () {","        return;","    }());","    switch (local.modeJs) {","","","","    // run browser js-env code - init-after","    case 'browser':","        local.testCase_browser_nullCase = local.testCase_browser_nullCase || function (","            options,","            onError","        ) {","        /*","         * this function will test browsers's null-case handling-behavior-behavior","         */","            onError(null, options);","        };","","        // run tests","        local.nop(local.modeTest &&","            document.querySelector('#testRunButton1') &&","            document.querySelector('#testRunButton1').click());","        break;","","","","    // run node js-env code - init-after","    /* istanbul ignore next */","    case 'node':","        local.testCase_buildApidoc_default = local.testCase_buildApidoc_default || function (","            options,","            onError","        ) {","        /*","         * this function will test buildApidoc's default handling-behavior-behavior","         */","            options = { modulePathList: module.paths };","            local.buildApidoc(options, onError);","        };","","        local.testCase_buildApp_default = local.testCase_buildApp_default || function (","            options,","            onError","        ) {","        /*","         * this function will test buildApp's default handling-behavior-behavior","         */","            local.testCase_buildReadme_default(options, local.onErrorThrow);","            local.testCase_buildLib_default(options, local.onErrorThrow);","            local.testCase_buildTest_default(options, local.onErrorThrow);","            local.testCase_buildCustomOrg_default(options, local.onErrorThrow);","            options = [];","            local.buildApp(options, onError);","        };","","        local.testCase_buildCustomOrg_default = local.testCase_buildCustomOrg_default ||","            function (options, onError) {","            /*","             * this function will test buildCustomOrg's default handling-behavior","             */","                options = {};","                local.buildCustomOrg(options, onError);","            };","","        local.testCase_buildLib_default = local.testCase_buildLib_default || function (","            options,","            onError","        ) {","        /*","         * this function will test buildLib's default handling-behavior","         */","            options = {};","            local.buildLib(options, onError);","        };","","        local.testCase_buildReadme_default = local.testCase_buildReadme_default || function (","            options,","            onError","        ) {","        /*","         * this function will test buildReadme's default handling-behavior-behavior","         */","            options = {};","            local.buildReadme(options, onError);","        };","","        local.testCase_buildTest_default = local.testCase_buildTest_default || function (","            options,","            onError","        ) {","        /*","         * this function will test buildTest's default handling-behavior","         */","            options = {};","            local.buildTest(options, onError);","        };","","        local.testCase_webpage_default = local.testCase_webpage_default || function (","            options,","            onError","        ) {","        /*","         * this function will test webpage's default handling-behavior","         */","            options = { modeCoverageMerge: true, url: local.serverLocalHost + '?modeTest=1' };","            local.browserTest(options, onError);","        };","","        // run test-server","        local.testRunServer(local);","        break;","    }","}());",""],"l":{"12":2,"14":2,"19":2,"21":2,"23":2,"24":2,"25":2,"30":1,"37":2,"40":2,"43":1,"47":1,"50":1,"52":1,"55":2,"61":2,"62":2,"64":2,"70":1,"76":1,"82":2,"83":2,"85":2,"91":1,"98":1,"102":1,"105":1,"112":1,"119":1,"120":1,"123":1,"130":1,"131":1,"132":1,"133":1,"134":1,"135":1,"138":1,"143":2,"144":2,"147":1,"154":2,"155":2,"158":1,"165":2,"166":2,"169":1,"176":2,"177":2,"180":1,"187":1,"188":1,"192":1,"193":1}},"/home/travis/build/npmtest/node-npmtest-firebase-tools/lib.npmtest_firebase_tools.js":{"path":"/home/travis/build/npmtest/node-npmtest-firebase-tools/lib.npmtest_firebase_tools.js","s":{"1":2,"2":2,"3":2,"4":2,"5":2,"6":2,"7":2,"8":1,"9":2,"10":2,"11":2,"12":2,"13":1,"14":1,"15":1,"16":1},"b":{"1":[2,1,1,1],"2":[1,1,1,1],"3":[1,1],"4":[2,2],"5":[1,1]},"f":{"1":2,"2":2,"3":2},"fnMap":{"1":{"name":"(anonymous_1)","line":12,"loc":{"start":{"line":12,"column":1},"end":{"line":12,"column":13}}},"2":{"name":"(anonymous_2)","line":19,"loc":{"start":{"line":19,"column":5},"end":{"line":19,"column":17}}},"3":{"name":"(anonymous_3)","line":23,"loc":{"start":{"line":23,"column":24},"end":{"line":23,"column":36}}}},"statementMap":{"1":{"start":{"line":12,"column":0},"end":{"line":53,"column":5}},"2":{"start":{"line":14,"column":4},"end":{"line":14,"column":14}},"3":{"start":{"line":19,"column":4},"end":{"line":52,"column":9}},"4":{"start":{"line":21,"column":8},"end":{"line":21,"column":19}},"5":{"start":{"line":23,"column":8},"end":{"line":35,"column":13}},"6":{"start":{"line":24,"column":12},"end":{"line":34,"column":13}},"7":{"start":{"line":25,"column":16},"end":{"line":28,"column":30}},"8":{"start":{"line":30,"column":16},"end":{"line":33,"column":27}},"9":{"start":{"line":37,"column":8},"end":{"line":39,"column":21}},"10":{"start":{"line":41,"column":8},"end":{"line":41,"column":54}},"11":{"start":{"line":43,"column":8},"end":{"line":43,"column":59}},"12":{"start":{"line":45,"column":8},"end":{"line":51,"column":9}},"13":{"start":{"line":46,"column":12},"end":{"line":46,"column":65}},"14":{"start":{"line":48,"column":12},"end":{"line":48,"column":35}},"15":{"start":{"line":49,"column":12},"end":{"line":49,"column":49}},"16":{"start":{"line":50,"column":12},"end":{"line":50,"column":43}}},"branchMap":{"1":{"line":25,"type":"binary-expr","locations":[{"start":{"line":25,"column":23},"end":{"line":25,"column":62}},{"start":{"line":26,"column":20},"end":{"line":26,"column":70}},{"start":{"line":27,"column":20},"end":{"line":27,"column":71}},{"start":{"line":28,"column":20},"end":{"line":28,"column":29}}]},"2":{"line":30,"type":"binary-expr","locations":[{"start":{"line":30,"column":23},"end":{"line":30,"column":37}},{"start":{"line":31,"column":20},"end":{"line":31,"column":61}},{"start":{"line":32,"column":20},"end":{"line":32,"column":70}},{"start":{"line":33,"column":20},"end":{"line":33,"column":26}}]},"3":{"line":37,"type":"cond-expr","locations":[{"start":{"line":38,"column":14},"end":{"line":38,"column":20}},{"start":{"line":39,"column":14},"end":{"line":39,"column":20}}]},"4":{"line":41,"type":"binary-expr","locations":[{"start":{"line":41,"column":16},"end":{"line":41,"column":44}},{"start":{"line":41,"column":48},"end":{"line":41,"column":53}}]},"5":{"line":45,"type":"if","locations":[{"start":{"line":45,"column":8},"end":{"line":45,"column":8}},{"start":{"line":45,"column":8},"end":{"line":45,"column":8}}]}},"code":["/* istanbul instrument in package npmtest_firebase_tools */","/*jslint","    bitwise: true,","    browser: true,","    maxerr: 8,","    maxlen: 96,","    node: true,","    nomen: true,","    regexp: true,","    stupid: true","*/","(function () {","    'use strict';","    var local;","","","","    // run shared js-env code - init-before","    (function () {","        // init local","        local = {};","        // init modeJs","        local.modeJs = (function () {","            try {","                return typeof navigator.userAgent === 'string' &&","                    typeof document.querySelector('body') === 'object' &&","                    typeof XMLHttpRequest.prototype.open === 'function' &&","                    'browser';","            } catch (errorCaughtBrowser) {","                return module.exports &&","                    typeof process.versions.node === 'string' &&","                    typeof require('http').createServer === 'function' &&","                    'node';","            }","        }());","        // init global","        local.global = local.modeJs === 'browser'","            ? window","            : global;","        // init utility2_rollup","        local = local.global.utility2_rollup || local;","        // init lib","        local.local = local.npmtest_firebase_tools = local;","        // init exports","        if (local.modeJs === 'browser') {","            local.global.utility2_npmtest_firebase_tools = local;","        } else {","            module.exports = local;","            module.exports.__dirname = __dirname;","            module.exports.module = module;","        }","    }());","}());",""],"l":{"12":2,"14":2,"19":2,"21":2,"23":2,"24":2,"25":2,"30":1,"37":2,"41":2,"43":2,"45":2,"46":1,"48":1,"49":1,"50":1}},"/home/travis/build/npmtest/node-npmtest-firebase-tools/example.js":{"path":"/home/travis/build/npmtest/node-npmtest-firebase-tools/example.js","s":{"1":2,"2":2,"3":2,"4":2,"5":2,"6":2,"7":2,"8":1,"9":2,"10":2,"11":2,"12":2,"13":1,"14":2,"15":2,"16":2,"17":2,"18":2,"19":0,"20":2,"21":1,"22":1,"23":1,"24":1,"25":1,"26":0,"27":0,"28":1,"29":1,"30":2,"31":0,"32":0,"33":0,"34":1,"35":2,"36":2,"37":3,"38":3,"39":3,"40":3,"41":0,"42":3,"43":3,"44":3,"45":1,"46":3,"47":1,"48":1,"49":1,"50":1,"51":1,"52":1,"53":1,"54":1,"55":1,"56":1,"57":0,"58":1,"59":6,"60":6,"61":1,"62":2,"63":0,"64":2,"65":1,"66":1,"67":0,"68":0,"69":0,"70":0,"71":0,"72":0,"73":0,"74":0,"75":0,"76":0,"77":0,"78":0,"79":0,"80":0,"81":0,"82":0,"83":0},"b":{"1":[2,1,1,1],"2":[1,1,1,1],"3":[1,1],"4":[2,2],"5":[1,1],"6":[1,1],"7":[2,0],"8":[2,1,1,1,1,1],"9":[0,2,0],"10":[1,1],"11":[2,1,1],"12":[1,0],"13":[0,2],"14":[2,0,0,0,0,0,0],"15":[0,3],"16":[3,0],"17":[1,1],"18":[0,1],"19":[1,2,0,2],"20":[1,0],"21":[1,1],"22":[0,0],"23":[0,0],"24":[0,0],"25":[0,0],"26":[0,0],"27":[0,0],"28":[0,0]},"f":{"1":2,"2":2,"3":2,"4":2,"5":2,"6":2,"7":3,"8":3,"9":3,"10":1,"11":6,"12":0},"fnMap":{"1":{"name":"(anonymous_1)","line":26,"loc":{"start":{"line":26,"column":1},"end":{"line":26,"column":13}}},"2":{"name":"(anonymous_2)","line":33,"loc":{"start":{"line":33,"column":5},"end":{"line":33,"column":17}}},"3":{"name":"(anonymous_3)","line":37,"loc":{"start":{"line":37,"column":24},"end":{"line":37,"column":36}}},"4":{"name":"(anonymous_4)","line":69,"loc":{"start":{"line":69,"column":31},"end":{"line":69,"column":48}},"skip":true},"5":{"name":"(anonymous_5)","line":78,"loc":{"start":{"line":78,"column":26},"end":{"line":78,"column":45}},"skip":true},"6":{"name":"(anonymous_6)","line":123,"loc":{"start":{"line":123,"column":33},"end":{"line":123,"column":48}},"skip":true},"7":{"name":"(anonymous_7)","line":125,"loc":{"start":{"line":125,"column":27},"end":{"line":125,"column":39}},"skip":true},"8":{"name":"(anonymous_8)","line":133,"loc":{"start":{"line":133,"column":59},"end":{"line":133,"column":74}},"skip":true},"9":{"name":"(anonymous_9)","line":143,"loc":{"start":{"line":143,"column":45},"end":{"line":143,"column":62}},"skip":true},"10":{"name":"(anonymous_10)","line":144,"loc":{"start":{"line":144,"column":73},"end":{"line":144,"column":92}},"skip":true},"11":{"name":"(anonymous_11)","line":272,"loc":{"start":{"line":272,"column":51},"end":{"line":272,"column":77}},"skip":true},"12":{"name":"(anonymous_12)","line":315,"loc":{"start":{"line":315,"column":32},"end":{"line":315,"column":61}},"skip":true}},"statementMap":{"1":{"start":{"line":26,"column":0},"end":{"line":326,"column":5}},"2":{"start":{"line":28,"column":4},"end":{"line":28,"column":14}},"3":{"start":{"line":33,"column":4},"end":{"line":60,"column":9}},"4":{"start":{"line":35,"column":8},"end":{"line":35,"column":19}},"5":{"start":{"line":37,"column":8},"end":{"line":49,"column":13}},"6":{"start":{"line":38,"column":12},"end":{"line":48,"column":13}},"7":{"start":{"line":39,"column":16},"end":{"line":42,"column":30}},"8":{"start":{"line":44,"column":16},"end":{"line":47,"column":27}},"9":{"start":{"line":51,"column":8},"end":{"line":53,"column":21}},"10":{"start":{"line":55,"column":8},"end":{"line":57,"column":45}},"11":{"start":{"line":59,"column":8},"end":{"line":59,"column":35}},"12":{"start":{"line":61,"column":4},"end":{"line":325,"column":5}},"13":{"start":{"line":69,"column":8},"end":{"line":121,"column":10},"skip":true},"14":{"start":{"line":70,"column":12},"end":{"line":88,"column":13},"skip":true},"15":{"start":{"line":76,"column":16},"end":{"line":87,"column":19},"skip":true},"16":{"start":{"line":79,"column":20},"end":{"line":86,"column":21},"skip":true},"17":{"start":{"line":82,"column":24},"end":{"line":82,"column":43},"skip":true},"18":{"start":{"line":83,"column":24},"end":{"line":83,"column":30},"skip":true},"19":{"start":{"line":85,"column":24},"end":{"line":85,"column":49},"skip":true},"20":{"start":{"line":89,"column":12},"end":{"line":107,"column":13},"skip":true},"21":{"start":{"line":92,"column":16},"end":{"line":102,"column":17},"skip":true},"22":{"start":{"line":93,"column":20},"end":{"line":93,"column":86},"skip":true},"23":{"start":{"line":94,"column":20},"end":{"line":95,"column":45},"skip":true},"24":{"start":{"line":96,"column":20},"end":{"line":96,"column":42},"skip":true},"25":{"start":{"line":97,"column":20},"end":{"line":97,"column":48},"skip":true},"26":{"start":{"line":100,"column":20},"end":{"line":100,"column":85},"skip":true},"27":{"start":{"line":101,"column":20},"end":{"line":101,"column":96},"skip":true},"28":{"start":{"line":103,"column":16},"end":{"line":103,"column":22},"skip":true},"29":{"start":{"line":106,"column":16},"end":{"line":106,"column":22},"skip":true},"30":{"start":{"line":108,"column":12},"end":{"line":120,"column":13},"skip":true},"31":{"start":{"line":114,"column":16},"end":{"line":119,"column":17},"skip":true},"32":{"start":{"line":116,"column":20},"end":{"line":116,"column":78},"skip":true},"33":{"start":{"line":118,"column":20},"end":{"line":118,"column":47},"skip":true},"34":{"start":{"line":123,"column":8},"end":{"line":141,"column":11},"skip":true},"35":{"start":{"line":124,"column":12},"end":{"line":124,"column":54},"skip":true},"36":{"start":{"line":125,"column":12},"end":{"line":140,"column":14},"skip":true},"37":{"start":{"line":126,"column":16},"end":{"line":126,"column":28},"skip":true},"38":{"start":{"line":127,"column":16},"end":{"line":127,"column":69},"skip":true},"39":{"start":{"line":128,"column":16},"end":{"line":128,"column":75},"skip":true},"40":{"start":{"line":129,"column":16},"end":{"line":131,"column":17},"skip":true},"41":{"start":{"line":130,"column":20},"end":{"line":130,"column":27},"skip":true},"42":{"start":{"line":133,"column":16},"end":{"line":137,"column":36},"skip":true},"43":{"start":{"line":134,"column":20},"end":{"line":136,"column":55},"skip":true},"44":{"start":{"line":139,"column":16},"end":{"line":139,"column":57},"skip":true},"45":{"start":{"line":143,"column":8},"end":{"line":147,"column":11},"skip":true},"46":{"start":{"line":144,"column":12},"end":{"line":146,"column":15},"skip":true},"47":{"start":{"line":145,"column":16},"end":{"line":145,"column":70},"skip":true},"48":{"start":{"line":149,"column":8},"end":{"line":149,"column":31},"skip":true},"49":{"start":{"line":150,"column":8},"end":{"line":150,"column":14},"skip":true},"50":{"start":{"line":158,"column":8},"end":{"line":158,"column":31},"skip":true},"51":{"start":{"line":160,"column":8},"end":{"line":160,"column":33},"skip":true},"52":{"start":{"line":161,"column":8},"end":{"line":161,"column":37},"skip":true},"53":{"start":{"line":162,"column":8},"end":{"line":162,"column":35},"skip":true},"54":{"start":{"line":164,"column":8},"end":{"line":164,"column":50},"skip":true},"55":{"start":{"line":166,"column":8},"end":{"line":256,"column":2},"skip":true},"56":{"start":{"line":258,"column":8},"end":{"line":286,"column":9},"skip":true},"57":{"start":{"line":259,"column":12},"end":{"line":269,"column":14},"skip":true},"58":{"start":{"line":271,"column":12},"end":{"line":285,"column":19},"skip":true},"59":{"start":{"line":274,"column":20},"end":{"line":274,"column":35},"skip":true},"60":{"start":{"line":275,"column":20},"end":{"line":284,"column":21},"skip":true},"61":{"start":{"line":277,"column":24},"end":{"line":277,"column":64},"skip":true},"62":{"start":{"line":279,"column":24},"end":{"line":279,"column":40},"skip":true},"63":{"start":{"line":281,"column":24},"end":{"line":281,"column":40},"skip":true},"64":{"start":{"line":283,"column":24},"end":{"line":283,"column":39},"skip":true},"65":{"start":{"line":288,"column":8},"end":{"line":290,"column":9},"skip":true},"66":{"start":{"line":289,"column":12},"end":{"line":289,"column":18},"skip":true},"67":{"start":{"line":291,"column":8},"end":{"line":293,"column":54},"skip":true},"68":{"start":{"line":296,"column":8},"end":{"line":301,"column":37},"skip":true},"69":{"start":{"line":303,"column":8},"end":{"line":303,"column":82},"skip":true},"70":{"start":{"line":306,"column":8},"end":{"line":308,"column":9},"skip":true},"71":{"start":{"line":307,"column":12},"end":{"line":307,"column":82},"skip":true},"72":{"start":{"line":310,"column":8},"end":{"line":312,"column":9},"skip":true},"73":{"start":{"line":311,"column":12},"end":{"line":311,"column":18},"skip":true},"74":{"start":{"line":313,"column":8},"end":{"line":313,"column":54},"skip":true},"75":{"start":{"line":314,"column":8},"end":{"line":314,"column":69},"skip":true},"76":{"start":{"line":315,"column":8},"end":{"line":323,"column":36},"skip":true},"77":{"start":{"line":316,"column":12},"end":{"line":316,"column":61},"skip":true},"78":{"start":{"line":317,"column":12},"end":{"line":320,"column":13},"skip":true},"79":{"start":{"line":318,"column":16},"end":{"line":318,"column":75},"skip":true},"80":{"start":{"line":319,"column":16},"end":{"line":319,"column":23},"skip":true},"81":{"start":{"line":321,"column":12},"end":{"line":321,"column":38},"skip":true},"82":{"start":{"line":322,"column":12},"end":{"line":322,"column":27},"skip":true},"83":{"start":{"line":324,"column":8},"end":{"line":324,"column":14},"skip":true}},"branchMap":{"1":{"line":39,"type":"binary-expr","locations":[{"start":{"line":39,"column":23},"end":{"line":39,"column":62}},{"start":{"line":40,"column":20},"end":{"line":40,"column":70}},{"start":{"line":41,"column":20},"end":{"line":41,"column":71}},{"start":{"line":42,"column":20},"end":{"line":42,"column":29}}]},"2":{"line":44,"type":"binary-expr","locations":[{"start":{"line":44,"column":23},"end":{"line":44,"column":37}},{"start":{"line":45,"column":20},"end":{"line":45,"column":61}},{"start":{"line":46,"column":20},"end":{"line":46,"column":70}},{"start":{"line":47,"column":20},"end":{"line":47,"column":26}}]},"3":{"line":51,"type":"cond-expr","locations":[{"start":{"line":52,"column":14},"end":{"line":52,"column":20}},{"start":{"line":53,"column":14},"end":{"line":53,"column":20}}]},"4":{"line":55,"type":"binary-expr","locations":[{"start":{"line":55,"column":16},"end":{"line":55,"column":44}},{"start":{"line":55,"column":49},"end":{"line":57,"column":43}}]},"5":{"line":55,"type":"cond-expr","locations":[{"start":{"line":56,"column":14},"end":{"line":56,"column":58}},{"start":{"line":57,"column":14},"end":{"line":57,"column":43}}]},"6":{"line":61,"type":"switch","locations":[{"start":{"line":68,"column":4},"end":{"line":150,"column":14},"skip":true},{"start":{"line":156,"column":4},"end":{"line":324,"column":14},"skip":true}]},"7":{"line":70,"type":"if","locations":[{"start":{"line":70,"column":12},"end":{"line":70,"column":12},"skip":true},{"start":{"line":70,"column":12},"end":{"line":70,"column":12},"skip":true}]},"8":{"line":70,"type":"binary-expr","locations":[{"start":{"line":70,"column":16},"end":{"line":70,"column":22},"skip":true},{"start":{"line":70,"column":27},"end":{"line":70,"column":32},"skip":true},{"start":{"line":71,"column":20},"end":{"line":71,"column":39},"skip":true},{"start":{"line":72,"column":20},"end":{"line":72,"column":49},"skip":true},{"start":{"line":73,"column":20},"end":{"line":73,"column":58},"skip":true},{"start":{"line":74,"column":20},"end":{"line":74,"column":69},"skip":true}]},"9":{"line":79,"type":"switch","locations":[{"start":{"line":80,"column":20},"end":{"line":80,"column":33},"skip":true},{"start":{"line":81,"column":20},"end":{"line":83,"column":30},"skip":true},{"start":{"line":84,"column":20},"end":{"line":85,"column":49},"skip":true}]},"10":{"line":89,"type":"switch","locations":[{"start":{"line":90,"column":12},"end":{"line":103,"column":22},"skip":true},{"start":{"line":105,"column":12},"end":{"line":106,"column":22},"skip":true}]},"11":{"line":89,"type":"binary-expr","locations":[{"start":{"line":89,"column":20},"end":{"line":89,"column":25},"skip":true},{"start":{"line":89,"column":29},"end":{"line":89,"column":48},"skip":true},{"start":{"line":89,"column":52},"end":{"line":89,"column":74},"skip":true}]},"12":{"line":92,"type":"if","locations":[{"start":{"line":92,"column":16},"end":{"line":92,"column":16},"skip":true},{"start":{"line":92,"column":16},"end":{"line":92,"column":16},"skip":true}]},"13":{"line":108,"type":"if","locations":[{"start":{"line":108,"column":12},"end":{"line":108,"column":12},"skip":true},{"start":{"line":108,"column":12},"end":{"line":108,"column":12},"skip":true}]},"14":{"line":108,"type":"binary-expr","locations":[{"start":{"line":108,"column":16},"end":{"line":108,"column":61},"skip":true},{"start":{"line":108,"column":66},"end":{"line":108,"column":72},"skip":true},{"start":{"line":108,"column":77},"end":{"line":108,"column":82},"skip":true},{"start":{"line":109,"column":20},"end":{"line":109,"column":39},"skip":true},{"start":{"line":110,"column":20},"end":{"line":110,"column":49},"skip":true},{"start":{"line":111,"column":20},"end":{"line":111,"column":58},"skip":true},{"start":{"line":112,"column":20},"end":{"line":112,"column":68},"skip":true}]},"15":{"line":129,"type":"if","locations":[{"start":{"line":129,"column":16},"end":{"line":129,"column":16},"skip":true},{"start":{"line":129,"column":16},"end":{"line":129,"column":16},"skip":true}]},"16":{"line":134,"type":"cond-expr","locations":[{"start":{"line":135,"column":26},"end":{"line":135,"column":29},"skip":true},{"start":{"line":136,"column":26},"end":{"line":136,"column":54},"skip":true}]},"17":{"line":164,"type":"binary-expr","locations":[{"start":{"line":164,"column":27},"end":{"line":164,"column":43},"skip":true},{"start":{"line":164,"column":47},"end":{"line":164,"column":49},"skip":true}]},"18":{"line":258,"type":"if","locations":[{"start":{"line":258,"column":8},"end":{"line":258,"column":8},"skip":true},{"start":{"line":258,"column":8},"end":{"line":258,"column":8},"skip":true}]},"19":{"line":275,"type":"switch","locations":[{"start":{"line":276,"column":20},"end":{"line":277,"column":64},"skip":true},{"start":{"line":278,"column":20},"end":{"line":279,"column":40},"skip":true},{"start":{"line":280,"column":20},"end":{"line":281,"column":40},"skip":true},{"start":{"line":282,"column":20},"end":{"line":283,"column":39},"skip":true}]},"20":{"line":288,"type":"if","locations":[{"start":{"line":288,"column":8},"end":{"line":288,"column":8},"skip":true},{"start":{"line":288,"column":8},"end":{"line":288,"column":8},"skip":true}]},"21":{"line":288,"type":"binary-expr","locations":[{"start":{"line":288,"column":12},"end":{"line":288,"column":40},"skip":true},{"start":{"line":288,"column":44},"end":{"line":288,"column":67},"skip":true}]},"22":{"line":292,"type":"binary-expr","locations":[{"start":{"line":292,"column":12},"end":{"line":292,"column":50},"skip":true},{"start":{"line":293,"column":12},"end":{"line":293,"column":53},"skip":true}]},"23":{"line":297,"type":"binary-expr","locations":[{"start":{"line":297,"column":12},"end":{"line":297,"column":72},"skip":true},{"start":{"line":298,"column":12},"end":{"line":301,"column":36},"skip":true}]},"24":{"line":303,"type":"binary-expr","locations":[{"start":{"line":303,"column":43},"end":{"line":303,"column":75},"skip":true},{"start":{"line":303,"column":79},"end":{"line":303,"column":81},"skip":true}]},"25":{"line":306,"type":"if","locations":[{"start":{"line":306,"column":8},"end":{"line":306,"column":8},"skip":true},{"start":{"line":306,"column":8},"end":{"line":306,"column":8},"skip":true}]},"26":{"line":310,"type":"if","locations":[{"start":{"line":310,"column":8},"end":{"line":310,"column":8},"skip":true},{"start":{"line":310,"column":8},"end":{"line":310,"column":8},"skip":true}]},"27":{"line":313,"type":"binary-expr","locations":[{"start":{"line":313,"column":27},"end":{"line":313,"column":43},"skip":true},{"start":{"line":313,"column":47},"end":{"line":313,"column":53},"skip":true}]},"28":{"line":317,"type":"if","locations":[{"start":{"line":317,"column":12},"end":{"line":317,"column":12},"skip":true},{"start":{"line":317,"column":12},"end":{"line":317,"column":12},"skip":true}]}},"code":["/*","example.js","","quickstart example","","instruction","    1. save this script as example.js","    2. run the shell command:","        $ npm install npmtest-firebase-tools && PORT=8081 node example.js","    3. play with the browser-demo on http://127.0.0.1:8081","*/","","","","/* istanbul instrument in package npmtest_firebase_tools */","/*jslint","    bitwise: true,","    browser: true,","    maxerr: 8,","    maxlen: 96,","    node: true,","    nomen: true,","    regexp: true,","    stupid: true","*/","(function () {","    'use strict';","    var local;","","","","    // run shared js-env code - init-before","    (function () {","        // init local","        local = {};","        // init modeJs","        local.modeJs = (function () {","            try {","                return typeof navigator.userAgent === 'string' &&","                    typeof document.querySelector('body') === 'object' &&","                    typeof XMLHttpRequest.prototype.open === 'function' &&","                    'browser';","            } catch (errorCaughtBrowser) {","                return module.exports &&","                    typeof process.versions.node === 'string' &&","                    typeof require('http').createServer === 'function' &&","                    'node';","            }","        }());","        // init global","        local.global = local.modeJs === 'browser'","            ? window","            : global;","        // init utility2_rollup","        local = local.global.utility2_rollup || (local.modeJs === 'browser'","            ? local.global.utility2_npmtest_firebase_tools","            : global.utility2_moduleExports);","        // export local","        local.global.local = local;","    }());","    switch (local.modeJs) {","","","","    // init-after","    // run browser js-env code - init-after","    /* istanbul ignore next */","    case 'browser':","        local.testRunBrowser = function (event) {","            if (!event || (event &&","                    event.currentTarget &&","                    event.currentTarget.className &&","                    event.currentTarget.className.includes &&","                    event.currentTarget.className.includes('onreset'))) {","                // reset output","                Array.from(","                    document.querySelectorAll('body > .resettable')","                ).forEach(function (element) {","                    switch (element.tagName) {","                    case 'INPUT':","                    case 'TEXTAREA':","                        element.value = '';","                        break;","                    default:","                        element.textContent = '';","                    }","                });","            }","            switch (event && event.currentTarget && event.currentTarget.id) {","            case 'testRunButton1':","                // show tests","                if (document.querySelector('#testReportDiv1').style.display === 'none') {","                    document.querySelector('#testReportDiv1').style.display = 'block';","                    document.querySelector('#testRunButton1').textContent =","                        'hide internal test';","                    local.modeTest = true;","                    local.testRunDefault(local);","                // hide tests","                } else {","                    document.querySelector('#testReportDiv1').style.display = 'none';","                    document.querySelector('#testRunButton1').textContent = 'run internal test';","                }","                break;","            // custom-case","            default:","                break;","            }","            if (document.querySelector('#inputTextareaEval1') && (!event || (event &&","                    event.currentTarget &&","                    event.currentTarget.className &&","                    event.currentTarget.className.includes &&","                    event.currentTarget.className.includes('oneval')))) {","                // try to eval input-code","                try {","                    /*jslint evil: true*/","                    eval(document.querySelector('#inputTextareaEval1').value);","                } catch (errorCaught) {","                    console.error(errorCaught);","                }","            }","        };","        // log stderr and stdout to #outputTextareaStdout1","        ['error', 'log'].forEach(function (key) {","            console[key + '_original'] = console[key];","            console[key] = function () {","                var element;","                console[key + '_original'].apply(console, arguments);","                element = document.querySelector('#outputTextareaStdout1');","                if (!element) {","                    return;","                }","                // append text to #outputTextareaStdout1","                element.value += Array.from(arguments).map(function (arg) {","                    return typeof arg === 'string'","                        ? arg","                        : JSON.stringify(arg, null, 4);","                }).join(' ') + '\\n';","                // scroll textarea to bottom","                element.scrollTop = element.scrollHeight;","            };","        });","        // init event-handling","        ['change', 'click', 'keyup'].forEach(function (event) {","            Array.from(document.querySelectorAll('.on' + event)).forEach(function (element) {","                element.addEventListener(event, local.testRunBrowser);","            });","        });","        // run tests","        local.testRunBrowser();","        break;","","","","    // run node js-env code - init-after","    /* istanbul ignore next */","    case 'node':","        // export local","        module.exports = local;","        // require modules","        local.fs = require('fs');","        local.http = require('http');","        local.url = require('url');","        // init assets","        local.assetsDict = local.assetsDict || {};","        /* jslint-ignore-begin */","        local.assetsDict['/assets.index.template.html'] = '\\","<!doctype html>\\n\\","<html lang=\"en\">\\n\\","<head>\\n\\","<meta charset=\"UTF-8\">\\n\\","<meta name=\"viewport\" content=\"width=device-width, initial-scale=1\">\\n\\","<title>{{env.npm_package_name}} (v{{env.npm_package_version}})</title>\\n\\","<style>\\n\\","/*csslint\\n\\","    box-sizing: false,\\n\\","    universal-selector: false\\n\\","*/\\n\\","* {\\n\\","    box-sizing: border-box;\\n\\","}\\n\\","body {\\n\\","    background: #dde;\\n\\","    font-family: Arial, Helvetica, sans-serif;\\n\\","    margin: 2rem;\\n\\","}\\n\\","body > * {\\n\\","    margin-bottom: 1rem;\\n\\","}\\n\\",".utility2FooterDiv {\\n\\","    margin-top: 20px;\\n\\","    text-align: center;\\n\\","}\\n\\","</style>\\n\\","<style>\\n\\","/*csslint\\n\\","*/\\n\\","textarea {\\n\\","    font-family: monospace;\\n\\","    height: 10rem;\\n\\","    width: 100%;\\n\\","}\\n\\","textarea[readonly] {\\n\\","    background: #ddd;\\n\\","}\\n\\","</style>\\n\\","</head>\\n\\","<body>\\n\\","<!-- utility2-comment\\n\\","<div id=\"ajaxProgressDiv1\" style=\"background: #d00; height: 2px; left: 0; margin: 0; padding: 0; position: fixed; top: 0; transition: background 0.5s, width 1.5s; width: 25%;\"></div>\\n\\","utility2-comment -->\\n\\","<h1>\\n\\","<!-- utility2-comment\\n\\","    <a\\n\\","        {{#if env.npm_package_homepage}}\\n\\","        href=\"{{env.npm_package_homepage}}\"\\n\\","        {{/if env.npm_package_homepage}}\\n\\","        target=\"_blank\"\\n\\","    >\\n\\","utility2-comment -->\\n\\","        {{env.npm_package_name}} (v{{env.npm_package_version}})\\n\\","<!-- utility2-comment\\n\\","    </a>\\n\\","utility2-comment -->\\n\\","</h1>\\n\\","<h3>{{env.npm_package_description}}</h3>\\n\\","<!-- utility2-comment\\n\\","<h4><a download href=\"assets.app.js\">download standalone app</a></h4>\\n\\","<button class=\"onclick onreset\" id=\"testRunButton1\">run internal test</button><br>\\n\\","<div id=\"testReportDiv1\" style=\"display: none;\"></div>\\n\\","utility2-comment -->\\n\\","\\n\\","\\n\\","\\n\\","<label>stderr and stdout</label>\\n\\","<textarea class=\"resettable\" id=\"outputTextareaStdout1\" readonly></textarea>\\n\\","<!-- utility2-comment\\n\\","{{#if isRollup}}\\n\\","<script src=\"assets.app.js\"></script>\\n\\","{{#unless isRollup}}\\n\\","utility2-comment -->\\n\\","<script src=\"assets.utility2.rollup.js\"></script>\\n\\","<script src=\"jsonp.utility2._stateInit?callback=window.utility2._stateInit\"></script>\\n\\","<script src=\"assets.npmtest_firebase_tools.rollup.js\"></script>\\n\\","<script src=\"assets.example.js\"></script>\\n\\","<script src=\"assets.test.js\"></script>\\n\\","<!-- utility2-comment\\n\\","{{/if isRollup}}\\n\\","utility2-comment -->\\n\\","<div class=\"utility2FooterDiv\">\\n\\","    [ this app was created with\\n\\","    <a href=\"https://github.com/kaizhu256/node-utility2\" target=\"_blank\">utility2</a>\\n\\","    ]\\n\\","</div>\\n\\","</body>\\n\\","</html>\\n\\","';","        /* jslint-ignore-end */","        if (local.templateRender) {","            local.assetsDict['/'] = local.templateRender(","                local.assetsDict['/assets.index.template.html'],","                {","                    env: local.objectSetDefault(local.env, {","                        npm_package_description: 'the greatest app in the world!',","                        npm_package_name: 'my-app',","                        npm_package_nameAlias: 'my_app',","                        npm_package_version: '0.0.1'","                    })","                }","            );","        } else {","            local.assetsDict['/'] = local.assetsDict['/assets.index.template.html']","                .replace((/\\{\\{env\\.(\\w+?)\\}\\}/g), function (match0, match1) {","                    // jslint-hack","                    String(match0);","                    switch (match1) {","                    case 'npm_package_description':","                        return 'the greatest app in the world!';","                    case 'npm_package_name':","                        return 'my-app';","                    case 'npm_package_nameAlias':","                        return 'my_app';","                    case 'npm_package_version':","                        return '0.0.1';","                    }","                });","        }","        // run the cli","        if (local.global.utility2_rollup || module !== require.main) {","            break;","        }","        local.assetsDict['/assets.example.js'] =","            local.assetsDict['/assets.example.js'] ||","            local.fs.readFileSync(__filename, 'utf8');","        // bug-workaround - long $npm_package_buildCustomOrg","        /* jslint-ignore-begin */","        local.assetsDict['/assets.npmtest_firebase_tools.rollup.js'] =","            local.assetsDict['/assets.npmtest_firebase_tools.rollup.js'] ||","            local.fs.readFileSync(","                local.npmtest_firebase_tools.__dirname + '/lib.npmtest_firebase_tools.js',","                'utf8'","            ).replace((/^#!/), '//');","        /* jslint-ignore-end */","        local.assetsDict['/favicon.ico'] = local.assetsDict['/favicon.ico'] || '';","        // if $npm_config_timeout_exit exists,","        // then exit this process after $npm_config_timeout_exit ms","        if (Number(process.env.npm_config_timeout_exit)) {","            setTimeout(process.exit, Number(process.env.npm_config_timeout_exit));","        }","        // start server","        if (local.global.utility2_serverHttp1) {","            break;","        }","        process.env.PORT = process.env.PORT || '8081';","        console.error('server starting on port ' + process.env.PORT);","        local.http.createServer(function (request, response) {","            request.urlParsed = local.url.parse(request.url);","            if (local.assetsDict[request.urlParsed.pathname] !== undefined) {","                response.end(local.assetsDict[request.urlParsed.pathname]);","                return;","            }","            response.statusCode = 404;","            response.end();","        }).listen(process.env.PORT);","        break;","    }","}());",""],"l":{"26":2,"28":2,"33":2,"35":2,"37":2,"38":2,"39":2,"44":1,"51":2,"55":2,"59":2,"61":2,"69":1,"70":2,"76":2,"79":2,"82":2,"83":2,"85":1,"89":2,"92":1,"93":1,"94":1,"96":1,"97":1,"100":1,"101":1,"103":1,"106":1,"108":2,"114":1,"116":1,"118":1,"123":1,"124":2,"125":2,"126":3,"127":3,"128":3,"129":3,"130":1,"133":3,"134":3,"139":3,"143":1,"144":3,"145":1,"149":1,"150":1,"158":1,"160":1,"161":1,"162":1,"164":1,"166":1,"258":1,"259":1,"271":1,"274":6,"275":6,"277":1,"279":2,"281":1,"283":2,"288":1,"289":1,"291":1,"296":1,"303":1,"306":1,"307":1,"310":1,"311":1,"313":1,"314":1,"315":1,"316":1,"317":1,"318":1,"319":1,"321":1,"322":1,"324":1}},"/home/travis/build/npmtest/node-npmtest-firebase-tools/node_modules/firebase-tools/index.js":{"path":"/home/travis/build/npmtest/node-npmtest-firebase-tools/node_modules/firebase-tools/index.js","s":{"1":4,"2":4,"3":4,"4":4,"5":4,"6":4,"7":4,"8":4,"9":4,"10":4,"11":4,"12":4,"13":4,"14":4,"15":4,"16":4,"17":0,"18":4,"19":0,"20":0,"21":0,"22":0,"23":4,"24":0,"25":0,"26":0,"27":0,"28":0,"29":0,"30":0,"31":0,"32":0,"33":0,"34":0,"35":0,"36":0,"37":0,"38":0},"b":{"1":[0,0],"2":[0,0],"3":[0,0],"4":[0,0]},"f":{"1":0,"2":0,"3":0,"4":0},"fnMap":{"1":{"name":"(anonymous_1)","line":21,"loc":{"start":{"line":21,"column":18},"end":{"line":21,"column":42}}},"2":{"name":"(anonymous_2)","line":24,"loc":{"start":{"line":24,"column":20},"end":{"line":24,"column":35}}},"3":{"name":"(anonymous_3)","line":35,"loc":{"start":{"line":35,"column":40},"end":{"line":35,"column":54}}},"4":{"name":"(anonymous_4)","line":52,"loc":{"start":{"line":52,"column":15},"end":{"line":52,"column":35}}}},"statementMap":{"1":{"start":{"line":3,"column":0},"end":{"line":3,"column":35}},"2":{"start":{"line":4,"column":0},"end":{"line":4,"column":36}},"3":{"start":{"line":5,"column":0},"end":{"line":5,"column":29}},"4":{"start":{"line":6,"column":0},"end":{"line":6,"column":37}},"5":{"start":{"line":7,"column":0},"end":{"line":7,"column":39}},"6":{"start":{"line":9,"column":0},"end":{"line":9,"column":29}},"7":{"start":{"line":10,"column":0},"end":{"line":10,"column":102}},"8":{"start":{"line":11,"column":0},"end":{"line":11,"column":96}},"9":{"start":{"line":12,"column":0},"end":{"line":12,"column":75}},"10":{"start":{"line":13,"column":0},"end":{"line":13,"column":95}},"11":{"start":{"line":14,"column":0},"end":{"line":14,"column":92}},"12":{"start":{"line":15,"column":0},"end":{"line":15,"column":82}},"13":{"start":{"line":18,"column":0},"end":{"line":18,"column":16}},"14":{"start":{"line":19,"column":0},"end":{"line":19,"column":21}},"15":{"start":{"line":20,"column":0},"end":{"line":20,"column":40}},"16":{"start":{"line":21,"column":0},"end":{"line":23,"column":2}},"17":{"start":{"line":22,"column":2},"end":{"line":22,"column":51}},"18":{"start":{"line":24,"column":0},"end":{"line":31,"column":2}},"19":{"start":{"line":25,"column":2},"end":{"line":29,"column":3}},"20":{"start":{"line":26,"column":4},"end":{"line":28,"column":5}},"21":{"start":{"line":27,"column":6},"end":{"line":27,"column":36}},"22":{"start":{"line":30,"column":2},"end":{"line":30,"column":14}},"23":{"start":{"line":33,"column":0},"end":{"line":33,"column":30}},"24":{"start":{"line":35,"column":0},"end":{"line":37,"column":3}},"25":{"start":{"line":36,"column":2},"end":{"line":36,"column":19}},"26":{"start":{"line":39,"column":0},"end":{"line":50,"column":2}},"27":{"start":{"line":52,"column":0},"end":{"line":71,"column":3}},"28":{"start":{"line":53,"column":2},"end":{"line":56,"column":4}},"29":{"start":{"line":58,"column":2},"end":{"line":68,"column":3}},"30":{"start":{"line":59,"column":4},"end":{"line":59,"column":19}},"31":{"start":{"line":60,"column":4},"end":{"line":60,"column":128}},"32":{"start":{"line":62,"column":4},"end":{"line":62,"column":51}},"33":{"start":{"line":63,"column":4},"end":{"line":63,"column":79}},"34":{"start":{"line":64,"column":4},"end":{"line":67,"column":5}},"35":{"start":{"line":65,"column":6},"end":{"line":65,"column":21}},"36":{"start":{"line":66,"column":6},"end":{"line":66,"column":65}},"37":{"start":{"line":70,"column":2},"end":{"line":70,"column":18}},"38":{"start":{"line":73,"column":0},"end":{"line":73,"column":24}}},"branchMap":{"1":{"line":26,"type":"if","locations":[{"start":{"line":26,"column":4},"end":{"line":26,"column":4}},{"start":{"line":26,"column":4},"end":{"line":26,"column":4}}]},"2":{"line":58,"type":"if","locations":[{"start":{"line":58,"column":2},"end":{"line":58,"column":2}},{"start":{"line":58,"column":2},"end":{"line":58,"column":2}}]},"3":{"line":63,"type":"binary-expr","locations":[{"start":{"line":63,"column":17},"end":{"line":63,"column":27}},{"start":{"line":63,"column":31},"end":{"line":63,"column":78}}]},"4":{"line":64,"type":"if","locations":[{"start":{"line":64,"column":4},"end":{"line":64,"column":4}},{"start":{"line":64,"column":4},"end":{"line":64,"column":4}}]}},"code":["'use strict';","","var program = require('commander');","var pkg = require('./package.json');","var chalk = require('chalk');","var logger = require('./lib/logger');","var didYouMean = require('didyoumean');","","program.version(pkg.version);","program.option('-P, --project <alias_or_project_id>', 'the Firebase project to use for this command');","program.option('-j, --json', 'output JSON instead of text, also triggers non-interactive mode');","program.option('--token <token>', 'supply an auth token for this command');","program.option('--non-interactive', 'error out of the command instead of waiting for prompts');","program.option('--interactive', 'force interactive shell treatment even when not detected');","program.option('--debug', 'print verbose debug output and keep a debug log file');","// program.option('-d, --debug', 'display debug information and keep firebase-debug.log');","","var client = {};","client.cli = program;","client.logger = require('./lib/logger');","client.errorOut = function(error, status) {","  require('./lib/errorOut')(client, error, status);","};","client.getCommand = function(name) {","  for (var i = 0; i < client.cli.commands.length; i++) {","    if (client.cli.commands[i]._name === name) {","      return client.cli.commands[i];","    }","  }","  return null;","};","","require('./commands')(client);","","var commandNames = program.commands.map(function(cmd) {","  return cmd._name;","});","","var RENAMED_COMMANDS = {","  'delete-site': 'hosting:disable',","  'disable:hosting': 'hosting:disable',","  'data:get': 'database:get',","  'data:push': 'database:push',","  'data:remove': 'database:remove',","  'data:set': 'database:set',","  'data:update': 'database:update',","  'deploy:hosting': 'deploy --only hosting',","  'deploy:database': 'deploy --only database',","  'prefs:token': 'login:ci'","};","","program.action(function(cmd, cmd2) {","  logger.error(","    chalk.bold.red('Error:'),","    chalk.bold(cmd), 'is not a Firebase command'","  );","","  if (RENAMED_COMMANDS[cmd]) {","    logger.error();","    logger.error(chalk.bold(cmd) + ' has been renamed, please run', chalk.bold('firebase ' + RENAMED_COMMANDS[cmd]), 'instead');","  } else {","    var suggestion = didYouMean(cmd, commandNames);","    suggestion = suggestion || didYouMean([cmd, cmd2].join(':'), commandNames);","    if (suggestion) {","      logger.error();","      logger.error('Did you mean', chalk.bold(suggestion) + '?');","    }","  }","","  process.exit(1);","});","","module.exports = client;",""],"l":{"3":4,"4":4,"5":4,"6":4,"7":4,"9":4,"10":4,"11":4,"12":4,"13":4,"14":4,"15":4,"18":4,"19":4,"20":4,"21":4,"22":0,"24":4,"25":0,"26":0,"27":0,"30":0,"33":4,"35":0,"36":0,"39":0,"52":0,"53":0,"58":0,"59":0,"60":0,"62":0,"63":0,"64":0,"65":0,"66":0,"70":0,"73":0}},"/home/travis/build/npmtest/node-npmtest-firebase-tools/node_modules/firebase-tools/lib/logger.js":{"path":"/home/travis/build/npmtest/node-npmtest-firebase-tools/node_modules/firebase-tools/lib/logger.js","s":{"1":1,"2":1,"3":1,"4":1,"5":0,"6":0,"7":0,"8":0,"9":1,"10":1,"11":1,"12":1},"b":{"1":[0,0],"2":[0,0]},"f":{"1":1,"2":0},"fnMap":{"1":{"name":"expandErrors","line":5,"loc":{"start":{"line":5,"column":0},"end":{"line":5,"column":30}}},"2":{"name":"(anonymous_2)","line":7,"loc":{"start":{"line":7,"column":15},"end":{"line":7,"column":26}}}},"statementMap":{"1":{"start":{"line":3,"column":0},"end":{"line":3,"column":33}},"2":{"start":{"line":5,"column":0},"end":{"line":15,"column":1}},"3":{"start":{"line":6,"column":2},"end":{"line":6,"column":30}},"4":{"start":{"line":7,"column":2},"end":{"line":13,"column":4}},"5":{"start":{"line":8,"column":4},"end":{"line":8,"column":56}},"6":{"start":{"line":9,"column":4},"end":{"line":11,"column":5}},"7":{"start":{"line":10,"column":6},"end":{"line":10,"column":30}},"8":{"start":{"line":12,"column":4},"end":{"line":12,"column":40}},"9":{"start":{"line":14,"column":2},"end":{"line":14,"column":16}},"10":{"start":{"line":17,"column":0},"end":{"line":17,"column":48}},"11":{"start":{"line":18,"column":0},"end":{"line":18,"column":27}},"12":{"start":{"line":20,"column":0},"end":{"line":20,"column":24}}},"branchMap":{"1":{"line":9,"type":"if","locations":[{"start":{"line":9,"column":4},"end":{"line":9,"column":4}},{"start":{"line":9,"column":4},"end":{"line":9,"column":4}}]},"2":{"line":9,"type":"binary-expr","locations":[{"start":{"line":9,"column":8},"end":{"line":9,"column":24}},{"start":{"line":9,"column":28},"end":{"line":9,"column":52}}]}},"code":["'use strict';","","var winston = require('winston');","","function expandErrors(logger) {","  var oldLogFunc = logger.log;","  logger.log = function() {","    var args = Array.prototype.slice.call(arguments, 0);","    if (args.length >= 2 && args[1] instanceof Error) {","      args[1] = args[1].stack;","    }","    return oldLogFunc.apply(this, args);","  };","  return logger;","}","","var logger = expandErrors(new winston.Logger());","logger.exitOnError = false;","","module.exports = logger;",""],"l":{"3":1,"5":1,"6":1,"7":1,"8":0,"9":0,"10":0,"12":0,"14":1,"17":1,"18":1,"20":1}},"/home/travis/build/npmtest/node-npmtest-firebase-tools/node_modules/firebase-tools/commands/index.js":{"path":"/home/travis/build/npmtest/node-npmtest-firebase-tools/node_modules/firebase-tools/commands/index.js","s":{"1":1,"2":4,"3":4,"4":0,"5":0,"6":4,"7":0,"8":0,"9":0,"10":0,"11":0,"12":0,"13":0,"14":0,"15":0,"16":0,"17":0,"18":0,"19":0,"20":0,"21":0,"22":0},"b":{},"f":{"1":4,"2":4},"fnMap":{"1":{"name":"(anonymous_1)","line":3,"loc":{"start":{"line":3,"column":17},"end":{"line":3,"column":34}}},"2":{"name":"(anonymous_2)","line":4,"loc":{"start":{"line":4,"column":20},"end":{"line":4,"column":35}}}},"statementMap":{"1":{"start":{"line":3,"column":0},"end":{"line":62,"column":2}},"2":{"start":{"line":4,"column":2},"end":{"line":8,"column":4}},"3":{"start":{"line":5,"column":4},"end":{"line":5,"column":35}},"4":{"start":{"line":6,"column":4},"end":{"line":6,"column":25}},"5":{"start":{"line":7,"column":4},"end":{"line":7,"column":24}},"6":{"start":{"line":10,"column":2},"end":{"line":13,"column":4}},"7":{"start":{"line":15,"column":2},"end":{"line":22,"column":4}},"8":{"start":{"line":24,"column":2},"end":{"line":24,"column":40}},"9":{"start":{"line":26,"column":2},"end":{"line":28,"column":4}},"10":{"start":{"line":30,"column":2},"end":{"line":38,"column":4}},"11":{"start":{"line":40,"column":2},"end":{"line":40,"column":36}},"12":{"start":{"line":41,"column":2},"end":{"line":41,"column":36}},"13":{"start":{"line":42,"column":2},"end":{"line":42,"column":36}},"14":{"start":{"line":44,"column":2},"end":{"line":44,"column":38}},"15":{"start":{"line":45,"column":2},"end":{"line":45,"column":44}},"16":{"start":{"line":47,"column":2},"end":{"line":47,"column":40}},"17":{"start":{"line":48,"column":2},"end":{"line":48,"column":36}},"18":{"start":{"line":49,"column":2},"end":{"line":49,"column":38}},"19":{"start":{"line":51,"column":2},"end":{"line":53,"column":4}},"20":{"start":{"line":55,"column":2},"end":{"line":57,"column":4}},"21":{"start":{"line":59,"column":2},"end":{"line":59,"column":34}},"22":{"start":{"line":61,"column":2},"end":{"line":61,"column":16}}},"branchMap":{},"code":["'use strict';","","module.exports = function(client) {","  var loadCommand = function(name) {","    var cmd = require('./' + name);","    cmd.register(client);","    return cmd.runner();","  };","","  client.auth = {","    upload: loadCommand('auth-import'),","    export: loadCommand('auth-export')","  };","","  client.database = {","    get: loadCommand('database-get'),","    push: loadCommand('database-push'),","    set: loadCommand('database-set'),","    remove: loadCommand('database-remove'),","    update: loadCommand('database-update'),","    profile: loadCommand('database-profile')","  };","","  client.deploy = loadCommand('deploy');","","  client.hosting = {","    disable: loadCommand('hosting-disable')","  };","","  client.functions = {","    log: loadCommand('functions-log'),","    config: {","      clone: loadCommand('functions-config-clone'),","      get: loadCommand('functions-config-get'),","      set: loadCommand('functions-config-set'),","      unset: loadCommand('functions-config-unset')","    }","  };","","  client.help = loadCommand('help');","  client.init = loadCommand('init');","  client.list = loadCommand('list');","","  client.login = loadCommand('login');","  client.login.ci = loadCommand('login-ci');","","  client.logout = loadCommand('logout');","  client.open = loadCommand('open');","  client.serve = loadCommand('serve');","","  client.setup = {","    web: loadCommand('setup-web')","  };","","  client.tools = {","    migrate: loadCommand('tools-migrate')","  };","","  client.use = loadCommand('use');","","  return client;","};",""],"l":{"3":1,"4":4,"5":4,"6":0,"7":0,"10":4,"15":0,"24":0,"26":0,"30":0,"40":0,"41":0,"42":0,"44":0,"45":0,"47":0,"48":0,"49":0,"51":0,"55":0,"59":0,"61":0}},"/home/travis/build/npmtest/node-npmtest-firebase-tools/node_modules/firebase-tools/commands/auth-import.js":{"path":"/home/travis/build/npmtest/node-npmtest-firebase-tools/node_modules/firebase-tools/commands/auth-import.js","s":{"1":6,"2":6,"3":6,"4":6,"5":6,"6":6,"7":6,"8":0,"9":0,"10":0,"11":0,"12":0,"13":0,"14":0,"15":0,"16":0,"17":0,"18":0,"19":0,"20":0,"21":0,"22":0,"23":0,"24":0,"25":0,"26":0,"27":0,"28":0,"29":0,"30":0,"31":0,"32":0,"33":0,"34":0,"35":0,"36":0,"37":0,"38":0,"39":0,"40":0,"41":0,"42":0,"43":0,"44":0,"45":0,"46":0,"47":0,"48":0,"49":0,"50":0,"51":0,"52":0,"53":0,"54":0,"55":0,"56":0,"57":0,"58":0,"59":0,"60":0,"61":0,"62":0,"63":0,"64":0,"65":0},"b":{"1":[0,0],"2":[0,0],"3":[0,0],"4":[0,0],"5":[0,0],"6":[0,0],"7":[0,0],"8":[0,0],"9":[0,0],"10":[0,0],"11":[0,0]},"f":{"1":0,"2":0,"3":0,"4":0,"5":0,"6":0,"7":0,"8":0},"fnMap":{"1":{"name":"(anonymous_1)","line":32,"loc":{"start":{"line":32,"column":10},"end":{"line":32,"column":38}}},"2":{"name":"(anonymous_2)","line":50,"loc":{"start":{"line":50,"column":28},"end":{"line":50,"column":54}}},"3":{"name":"(anonymous_3)","line":55,"loc":{"start":{"line":55,"column":26},"end":{"line":55,"column":41}}},"4":{"name":"(anonymous_4)","line":58,"loc":{"start":{"line":58,"column":12},"end":{"line":58,"column":26}}},"5":{"name":"(anonymous_5)","line":68,"loc":{"start":{"line":68,"column":21},"end":{"line":68,"column":32}}},"6":{"name":"(anonymous_6)","line":77,"loc":{"start":{"line":77,"column":26},"end":{"line":77,"column":41}}},"7":{"name":"(anonymous_7)","line":88,"loc":{"start":{"line":88,"column":21},"end":{"line":88,"column":32}}},"8":{"name":"(anonymous_8)","line":96,"loc":{"start":{"line":96,"column":12},"end":{"line":96,"column":34}}}},"statementMap":{"1":{"start":{"line":3,"column":0},"end":{"line":3,"column":27}},"2":{"start":{"line":4,"column":0},"end":{"line":4,"column":35}},"3":{"start":{"line":5,"column":0},"end":{"line":5,"column":29}},"4":{"start":{"line":6,"column":0},"end":{"line":6,"column":23}},"5":{"start":{"line":7,"column":0},"end":{"line":7,"column":39}},"6":{"start":{"line":8,"column":0},"end":{"line":8,"column":26}},"7":{"start":{"line":10,"column":0},"end":{"line":10,"column":40}},"8":{"start":{"line":11,"column":0},"end":{"line":11,"column":56}},"9":{"start":{"line":12,"column":0},"end":{"line":12,"column":50}},"10":{"start":{"line":13,"column":0},"end":{"line":13,"column":38}},"11":{"start":{"line":14,"column":0},"end":{"line":14,"column":52}},"12":{"start":{"line":15,"column":0},"end":{"line":15,"column":36}},"13":{"start":{"line":17,"column":0},"end":{"line":17,"column":26}},"14":{"start":{"line":18,"column":0},"end":{"line":18,"column":54}},"15":{"start":{"line":19,"column":0},"end":{"line":19,"column":56}},"16":{"start":{"line":20,"column":0},"end":{"line":20,"column":56}},"17":{"start":{"line":21,"column":0},"end":{"line":21,"column":58}},"18":{"start":{"line":23,"column":0},"end":{"line":101,"column":5}},"19":{"start":{"line":33,"column":4},"end":{"line":33,"column":42}},"20":{"start":{"line":34,"column":4},"end":{"line":34,"column":44}},"21":{"start":{"line":35,"column":4},"end":{"line":37,"column":5}},"22":{"start":{"line":36,"column":6},"end":{"line":36,"column":22}},"23":{"start":{"line":38,"column":4},"end":{"line":38,"column":31}},"24":{"start":{"line":40,"column":4},"end":{"line":42,"column":5}},"25":{"start":{"line":41,"column":6},"end":{"line":41,"column":78}},"26":{"start":{"line":43,"column":4},"end":{"line":43,"column":38}},"27":{"start":{"line":44,"column":4},"end":{"line":44,"column":37}},"28":{"start":{"line":45,"column":4},"end":{"line":45,"column":91}},"29":{"start":{"line":47,"column":4},"end":{"line":47,"column":49}},"30":{"start":{"line":48,"column":4},"end":{"line":48,"column":21}},"31":{"start":{"line":49,"column":4},"end":{"line":49,"column":26}},"32":{"start":{"line":50,"column":4},"end":{"line":100,"column":7}},"33":{"start":{"line":51,"column":6},"end":{"line":51,"column":17}},"34":{"start":{"line":52,"column":6},"end":{"line":52,"column":22}},"35":{"start":{"line":53,"column":6},"end":{"line":95,"column":7}},"36":{"start":{"line":54,"column":8},"end":{"line":54,"column":41}},"37":{"start":{"line":55,"column":8},"end":{"line":73,"column":11}},"38":{"start":{"line":56,"column":10},"end":{"line":56,"column":20}},"39":{"start":{"line":57,"column":10},"end":{"line":62,"column":16}},"40":{"start":{"line":60,"column":14},"end":{"line":60,"column":72}},"41":{"start":{"line":61,"column":14},"end":{"line":61,"column":56}},"42":{"start":{"line":63,"column":10},"end":{"line":63,"column":34}},"43":{"start":{"line":64,"column":10},"end":{"line":67,"column":11}},"44":{"start":{"line":65,"column":12},"end":{"line":65,"column":39}},"45":{"start":{"line":66,"column":12},"end":{"line":66,"column":30}},"46":{"start":{"line":69,"column":10},"end":{"line":71,"column":11}},"47":{"start":{"line":70,"column":12},"end":{"line":70,"column":39}},"48":{"start":{"line":72,"column":10},"end":{"line":72,"column":34}},"49":{"start":{"line":74,"column":8},"end":{"line":74,"column":30}},"50":{"start":{"line":76,"column":8},"end":{"line":76,"column":62}},"51":{"start":{"line":77,"column":8},"end":{"line":93,"column":11}},"52":{"start":{"line":78,"column":10},"end":{"line":78,"column":20}},"53":{"start":{"line":79,"column":10},"end":{"line":79,"column":49}},"54":{"start":{"line":80,"column":10},"end":{"line":82,"column":11}},"55":{"start":{"line":81,"column":12},"end":{"line":81,"column":37}},"56":{"start":{"line":83,"column":10},"end":{"line":83,"column":40}},"57":{"start":{"line":84,"column":10},"end":{"line":87,"column":11}},"58":{"start":{"line":85,"column":12},"end":{"line":85,"column":39}},"59":{"start":{"line":86,"column":12},"end":{"line":86,"column":30}},"60":{"start":{"line":89,"column":10},"end":{"line":91,"column":11}},"61":{"start":{"line":90,"column":12},"end":{"line":90,"column":39}},"62":{"start":{"line":92,"column":10},"end":{"line":92,"column":34}},"63":{"start":{"line":94,"column":8},"end":{"line":94,"column":30}},"64":{"start":{"line":97,"column":6},"end":{"line":99,"column":7}},"65":{"start":{"line":98,"column":8},"end":{"line":98,"column":73}}},"branchMap":{"1":{"line":35,"type":"if","locations":[{"start":{"line":35,"column":4},"end":{"line":35,"column":4}},{"start":{"line":35,"column":4},"end":{"line":35,"column":4}}]},"2":{"line":40,"type":"if","locations":[{"start":{"line":40,"column":4},"end":{"line":40,"column":4}},{"start":{"line":40,"column":4},"end":{"line":40,"column":4}}]},"3":{"line":40,"type":"binary-expr","locations":[{"start":{"line":40,"column":8},"end":{"line":40,"column":37}},{"start":{"line":40,"column":41},"end":{"line":40,"column":71}}]},"4":{"line":53,"type":"if","locations":[{"start":{"line":53,"column":6},"end":{"line":53,"column":6}},{"start":{"line":53,"column":6},"end":{"line":53,"column":6}}]},"5":{"line":61,"type":"cond-expr","locations":[{"start":{"line":61,"column":37},"end":{"line":61,"column":46}},{"start":{"line":61,"column":49},"end":{"line":61,"column":55}}]},"6":{"line":64,"type":"if","locations":[{"start":{"line":64,"column":10},"end":{"line":64,"column":10}},{"start":{"line":64,"column":10},"end":{"line":64,"column":10}}]},"7":{"line":69,"type":"if","locations":[{"start":{"line":69,"column":10},"end":{"line":69,"column":10}},{"start":{"line":69,"column":10},"end":{"line":69,"column":10}}]},"8":{"line":80,"type":"if","locations":[{"start":{"line":80,"column":10},"end":{"line":80,"column":10}},{"start":{"line":80,"column":10},"end":{"line":80,"column":10}}]},"9":{"line":84,"type":"if","locations":[{"start":{"line":84,"column":10},"end":{"line":84,"column":10}},{"start":{"line":84,"column":10},"end":{"line":84,"column":10}}]},"10":{"line":89,"type":"if","locations":[{"start":{"line":89,"column":10},"end":{"line":89,"column":10}},{"start":{"line":89,"column":10},"end":{"line":89,"column":10}}]},"11":{"line":97,"type":"if","locations":[{"start":{"line":97,"column":6},"end":{"line":97,"column":6}},{"start":{"line":97,"column":6},"end":{"line":97,"column":6}}]}},"code":["'use strict';","","var RSVP = require('rsvp');","var csv = require('csv-streamify');","var chalk = require('chalk');","var fs = require('fs');","var jsonStream = require('JSONStream');","var _ = require('lodash');","","var Command = require('../lib/command');","var accountImporter = require('../lib/accountImporter');","var getProjectId = require('../lib/getProjectId');","var logger = require('../lib/logger');","var requireAccess = require('../lib/requireAccess');","var utils = require('../lib/utils');","","var MAX_BATCH_SIZE = 1000;","var validateOptions = accountImporter.validateOptions;","var validateUserJson = accountImporter.validateUserJson;","var transArrayToUser = accountImporter.transArrayToUser;","var serialImportUsers = accountImporter.serialImportUsers;","","module.exports = new Command('auth:import [dataFile]')","  .description('import users into your Firebase project from a data file(.csv or .json)')","  .option('--hash-algo <hashAlgo>', 'specify the hash algorithm used in password for these accounts')","  .option('--hash-key <hashKey>', 'specify the key used in hash algorithm')","  .option('--salt-separator <saltSeparator>',","      'specify the salt separator which will be appended to salt when verifying password. only used by SCRYPT now.')","  .option('--rounds <rounds>', 'specify how many rounds for hash calculation.')","  .option('--mem-cost <memCost>', 'specify the memory cost for hash calculation.')","  .before(requireAccess)","  .action(function(dataFile, options) {","    var projectId = getProjectId(options);","    var checkRes = validateOptions(options);","    if (!checkRes.valid) {","      return checkRes;","    }","    var hashOptions = checkRes;","","    if (!_.endsWith(dataFile, '.csv') && !_.endsWith(dataFile, '.json')) {","      return utils.reject('Data file must end with .csv or .json', {exit: 1});","    }","    var stats = fs.statSync(dataFile);","    var fileSizeInBytes = stats.size;","    logger.info('Processing ' + chalk.bold(dataFile) + ' (' + fileSizeInBytes + ' bytes)');","","    var inStream = fs.createReadStream(dataFile);","    var batches = [];","    var currentBatch = [];","    return new RSVP.Promise(function(resolve, reject) {","      var parser;","      var counter = 0;","      if (dataFile.endsWith('.csv')) {","        parser = csv({objectMode: true});","        parser.on('data', function(line) {","          counter++;","          var user = transArrayToUser(line.map(","            function(str) {","              // Ignore starting '|'' and trailing '|''","              var newStr = str.trim().replace(/^[\"|'](.*)[\"|']$/, '$1');","              return newStr === '' ? undefined : newStr;","            }));","          currentBatch.push(user);","          if (currentBatch.length === MAX_BATCH_SIZE) {","            batches.push(currentBatch);","            currentBatch = [];","          }","        }).on('end', function() {","          if (currentBatch.length) {","            batches.push(currentBatch);","          }","          return resolve(batches);","        });","        inStream.pipe(parser);","      } else {","        parser = jsonStream.parse(['users', {emitKey: true}]);","        parser.on('data', function(pair) {","          counter++;","          var res = validateUserJson(pair.value);","          if (res.error) {","            return reject(res.error);","          }","          currentBatch.push(pair.value);","          if (currentBatch.length === MAX_BATCH_SIZE) {","            batches.push(currentBatch);","            currentBatch = [];","          }","        }).on('end', function() {","          if (currentBatch.length) {","            batches.push(currentBatch);","          }","          return resolve(batches);","        });","        inStream.pipe(parser);","      }","    }).then(function(userListArr) {","      if (userListArr.length) {","        return serialImportUsers(projectId, hashOptions, userListArr, 0);","      }","    });","  });",""],"l":{"3":6,"4":6,"5":6,"6":6,"7":6,"8":6,"10":6,"11":0,"12":0,"13":0,"14":0,"15":0,"17":0,"18":0,"19":0,"20":0,"21":0,"23":0,"33":0,"34":0,"35":0,"36":0,"38":0,"40":0,"41":0,"43":0,"44":0,"45":0,"47":0,"48":0,"49":0,"50":0,"51":0,"52":0,"53":0,"54":0,"55":0,"56":0,"57":0,"60":0,"61":0,"63":0,"64":0,"65":0,"66":0,"69":0,"70":0,"72":0,"74":0,"76":0,"77":0,"78":0,"79":0,"80":0,"81":0,"83":0,"84":0,"85":0,"86":0,"89":0,"90":0,"92":0,"94":0,"97":0,"98":0}},"/home/travis/build/npmtest/node-npmtest-firebase-tools/node_modules/firebase-tools/lib/command.js":{"path":"/home/travis/build/npmtest/node-npmtest-firebase-tools/node_modules/firebase-tools/lib/command.js","s":{"1":54,"2":54,"3":54,"4":0,"5":0,"6":0,"7":0,"8":0,"9":0,"10":0,"11":0,"12":0,"13":0,"14":0,"15":0,"16":0,"17":0,"18":0,"19":0,"20":0,"21":0,"22":0,"23":0,"24":0,"25":0,"26":0,"27":0,"28":0,"29":0,"30":0,"31":0,"32":0,"33":0,"34":0,"35":0,"36":0,"37":0,"38":0,"39":0,"40":0,"41":0,"42":0,"43":0,"44":0,"45":0,"46":0,"47":0,"48":0,"49":0,"50":0,"51":0,"52":0,"53":0,"54":0,"55":0,"56":0,"57":0,"58":0,"59":0,"60":0,"61":0,"62":0,"63":0,"64":0,"65":0,"66":0,"67":0,"68":0,"69":0,"70":0,"71":0,"72":0,"73":0,"74":0,"75":0,"76":0,"77":0,"78":0,"79":0,"80":0,"81":0,"82":0,"83":0,"84":0,"85":0,"86":0,"87":0,"88":0,"89":0,"90":0,"91":0,"92":0,"93":0,"94":0,"95":0,"96":0,"97":0,"98":0,"99":0,"100":0,"101":0,"102":0,"103":0,"104":0,"105":0,"106":0,"107":0,"108":0,"109":0,"110":0},"b":{"1":[0,0],"2":[0,0],"3":[0,0],"4":[0,0],"5":[0,0],"6":[0,0],"7":[0,0],"8":[0,0],"9":[0,0],"10":[0,0],"11":[0,0],"12":[0,0],"13":[0,0],"14":[0,0],"15":[0,0],"16":[0,0],"17":[0,0],"18":[0,0],"19":[0,0],"20":[0,0],"21":[0,0]},"f":{"1":0,"2":0,"3":0,"4":0,"5":0,"6":0,"7":0,"8":0,"9":0,"10":0,"11":0,"12":0,"13":0,"14":0,"15":0,"16":0,"17":0,"18":0},"fnMap":{"1":{"name":"(anonymous_1)","line":16,"loc":{"start":{"line":16,"column":14},"end":{"line":16,"column":28}}},"2":{"name":"(anonymous_2)","line":25,"loc":{"start":{"line":25,"column":32},"end":{"line":25,"column":54}}},"3":{"name":"(anonymous_3)","line":30,"loc":{"start":{"line":30,"column":27},"end":{"line":30,"column":38}}},"4":{"name":"(anonymous_4)","line":35,"loc":{"start":{"line":35,"column":27},"end":{"line":35,"column":46}}},"5":{"name":"(anonymous_5)","line":43,"loc":{"start":{"line":43,"column":27},"end":{"line":43,"column":40}}},"6":{"name":"(anonymous_6)","line":50,"loc":{"start":{"line":50,"column":29},"end":{"line":50,"column":46}},"skip":true},"7":{"name":"(anonymous_7)","line":55,"loc":{"start":{"line":55,"column":24},"end":{"line":55,"column":39}},"skip":true},"8":{"name":"(anonymous_8)","line":58,"loc":{"start":{"line":58,"column":13},"end":{"line":58,"column":24}},"skip":true},"9":{"name":"(anonymous_9)","line":69,"loc":{"start":{"line":69,"column":39},"end":{"line":69,"column":56}},"skip":true},"10":{"name":"(anonymous_10)","line":78,"loc":{"start":{"line":78,"column":13},"end":{"line":78,"column":27}},"skip":true},"11":{"name":"(anonymous_11)","line":93,"loc":{"start":{"line":93,"column":14},"end":{"line":93,"column":25}},"skip":true},"12":{"name":"(anonymous_12)","line":102,"loc":{"start":{"line":102,"column":29},"end":{"line":102,"column":47}}},"13":{"name":"(anonymous_13)","line":136,"loc":{"start":{"line":136,"column":28},"end":{"line":136,"column":46}}},"14":{"name":"(anonymous_14)","line":157,"loc":{"start":{"line":157,"column":27},"end":{"line":157,"column":38}}},"15":{"name":"(anonymous_15)","line":159,"loc":{"start":{"line":159,"column":9},"end":{"line":159,"column":20}}},"16":{"name":"(anonymous_16)","line":170,"loc":{"start":{"line":170,"column":22},"end":{"line":170,"column":39}}},"17":{"name":"(anonymous_17)","line":171,"loc":{"start":{"line":171,"column":29},"end":{"line":171,"column":40}}},"18":{"name":"(anonymous_18)","line":175,"loc":{"start":{"line":175,"column":25},"end":{"line":175,"column":36}}}},"statementMap":{"1":{"start":{"line":3,"column":0},"end":{"line":3,"column":27}},"2":{"start":{"line":4,"column":0},"end":{"line":4,"column":26}},"3":{"start":{"line":5,"column":0},"end":{"line":5,"column":31}},"4":{"start":{"line":6,"column":0},"end":{"line":6,"column":33}},"5":{"start":{"line":7,"column":0},"end":{"line":7,"column":31}},"6":{"start":{"line":8,"column":0},"end":{"line":8,"column":39}},"7":{"start":{"line":9,"column":0},"end":{"line":9,"column":29}},"8":{"start":{"line":10,"column":0},"end":{"line":10,"column":45}},"9":{"start":{"line":11,"column":0},"end":{"line":11,"column":41}},"10":{"start":{"line":12,"column":0},"end":{"line":12,"column":33}},"11":{"start":{"line":13,"colu
[...]
nd":{"line":12,"column":51}},"10":{"start":{"line":13,"column":0},"end":{"line":13,"column":37}},"11":{"start":{"line":15,"column":0},"end":{"line":15,"column":104}},"12":{"start":{"line":17,"column":0},"end":{"line":78,"column":2}},"13":{"start":{"line":18,"column":2},"end":{"line":18,"column":16}},"14":{"start":{"line":19,"column":2},"end":{"line":19,"column":108}},"15":{"start":{"line":20,"column":2},"end":{"line":20,"column":111}},"16":{"start":{"line":21,"column":2},"end":{"line":21,"column":16}},"17":{"start":{"line":23,"column":2},"end":{"line":23,"column":23}},"18":{"start":{"line":24,"column":2},"end":{"line":24,"column":58}},"19":{"start":{"line":25,"column":2},"end":{"line":25,"column":17}},"20":{"start":{"line":26,"column":2},"end":{"line":33,"column":3}},"21":{"start":{"line":27,"column":4},"end":{"line":30,"column":7}},"22":{"start":{"line":28,"column":6},"end":{"line":28,"column":60}},"23":{"start":{"line":29,"column":6},"end":{"line":29,"column":59}},"24":{"start":{"line":32,"column":4},"end":{"line":32,"column":32}},"25":{"start":{"line":34,"column":2},"end":{"line":77,"column":5}},"26":{"start":{"line":35,"column":4},"end":{"line":43,"column":7}},"27":{"start":{"line":45,"column":4},"end":{"line":45,"column":76}},"28":{"start":{"line":47,"column":4},"end":{"line":54,"column":7}},"29":{"start":{"line":56,"column":4},"end":{"line":76,"column":5}},"30":{"start":{"line":57,"column":6},"end":{"line":75,"column":9}},"31":{"start":{"line":58,"column":8},"end":{"line":61,"column":11}},"32":{"start":{"line":63,"column":8},"end":{"line":65,"column":11}},"33":{"start":{"line":64,"column":10},"end":{"line":64,"column":34}},"34":{"start":{"line":67,"column":8},"end":{"line":74,"column":11}},"35":{"start":{"line":68,"column":10},"end":{"line":70,"column":11}},"36":{"start":{"line":69,"column":12},"end":{"line":69,"column":29}},"37":{"start":{"line":71,"column":10},"end":{"line":71,"column":24}},"38":{"start":{"line":72,"column":10},"end":{"line":72,"column":89}},"39":{"start":{"line":73,"column":10},"end":{"line":73,"column":27}}},"branchMap":{"1":{"line":26,"type":"if","locations":[{"start":{"line":26,"column":2},"end":{"line":26,"column":2}},{"start":{"line":26,"column":2},"end":{"line":26,"column":2}}]},"2":{"line":56,"type":"if","locations":[{"start":{"line":56,"column":4},"end":{"line":56,"column":4}},{"start":{"line":56,"column":4},"end":{"line":56,"column":4}}]},"3":{"line":68,"type":"if","locations":[{"start":{"line":68,"column":10},"end":{"line":68,"column":10}},{"start":{"line":68,"column":10},"end":{"line":68,"column":10}}]}},"code":["'use strict';","","var chalk = require('chalk');","var fs = require('fs');","var RSVP = require('rsvp');","var spawn = require('cross-spawn');","var _ = require('lodash');","","var logger = require('../../logger');","var prompt = require('../../prompt');","var enableApi = require('../../ensureApiEnabled').enable;","var requireAccess = require('../../requireAccess');","var scopes = require('../../scopes');","","var INDEX_TEMPLATE = fs.readFileSync(__dirname + '/../../../templates/init/functions/index.js', 'utf8');","","module.exports = function(setup, config) {","  logger.info();","  logger.info('A ' + chalk.bold('functions') + ' directory will be created in your project with a Node.js');","  logger.info('package pre-configured. Functions can be deployed with ' + chalk.bold('firebase deploy') + '.');","  logger.info();","","  setup.functions = {};","  var projectId = _.get(setup, 'rcfile.projects.default');","  var enableApis;","  if (projectId) {","    enableApis = requireAccess({project: projectId}, [scopes.CLOUD_PLATFORM]).then(function() {","      enableApi(projectId, 'cloudfunctions.googleapis.com');","      enableApi(projectId, 'runtimeconfig.googleapis.com');","    });","  } else {","    enableApis = RSVP.resolve();","  }","  return enableApis.then(function() {","    return config.askWriteProjectFile('functions/package.json', {","      name: 'functions',","      description: 'Cloud Functions for Firebase',","      dependencies: {","        'firebase-admin': '~4.1.2',","        'firebase-functions': '^0.5'","      },","      private: true","    });","  }).then(function() {","    return config.askWriteProjectFile('functions/index.js', INDEX_TEMPLATE);","  }).then(function() {","    return prompt(setup.functions, [","      {","        name: 'npm',","        type: 'confirm',","        message: 'Do you want to install dependencies with npm now?',","        default: true","      }","    ]);","  }).then(function() {","    if (setup.functions.npm) {","      return new RSVP.Promise(function(resolve) {","        var installer = spawn('npm', ['install'], {","          cwd: config.projectDir + '/functions',","          stdio: 'inherit'","        });","","        installer.on('error', function(err) {","          logger.debug(err.stack);","        });","","        installer.on('close', function(code) {","          if (code === 0) {","            return resolve();","          }","          logger.info();","          logger.error('NPM install failed, continuing with Firebase initialization...');","          return resolve();","        });","      });","    }","  });","};",""],"l":{"3":2,"4":2,"5":2,"6":2,"7":2,"9":2,"10":2,"11":2,"12":0,"13":0,"15":0,"17":0,"18":0,"19":0,"20":0,"21":0,"23":0,"24":0,"25":0,"26":0,"27":0,"28":0,"29":0,"32":0,"34":0,"35":0,"45":0,"47":0,"56":0,"57":0,"58":0,"63":0,"64":0,"67":0,"68":0,"69":0,"71":0,"72":0,"73":0}},"/home/travis/build/npmtest/node-npmtest-firebase-tools/node_modules/firebase-tools/lib/init/features/hosting.js":{"path":"/home/travis/build/npmtest/node-npmtest-firebase-tools/node_modules/firebase-tools/lib/init/features/hosting.js","s":{"1":2,"2":2,"3":2,"4":2,"5":0,"6":0,"7":0,"8":0,"9":0,"10":0,"11":0,"12":0,"13":0,"14":0,"15":0,"16":0,"17":0,"18":0,"19":0,"20":0,"21":0,"22":0,"23":0,"24":0,"25":0},"b":{"1":[0,0]},"f":{"1":0,"2":0,"3":0,"4":0},"fnMap":{"1":{"name":"(anonymous_1)","line":13,"loc":{"start":{"line":13,"column":17},"end":{"line":13,"column":41}}},"2":{"name":"(anonymous_2)","line":41,"loc":{"start":{"line":41,"column":10},"end":{"line":41,"column":21}}},"3":{"name":"(anonymous_3)","line":55,"loc":{"start":{"line":55,"column":21},"end":{"line":55,"column":32}}},"4":{"name":"(anonymous_4)","line":60,"loc":{"start":{"line":60,"column":12},"end":{"line":60,"column":31}}}},"statementMap":{"1":{"start":{"line":3,"column":0},"end":{"line":3,"column":29}},"2":{"start":{"line":4,"column":0},"end":{"line":4,"column":23}},"3":{"start":{"line":5,"column":0},"end":{"line":5,"column":27}},"4":{"start":{"line":7,"column":0},"end":{"line":7,"column":31}},"5":{"start":{"line":8,"column":0},"end":{"line":8,"column":37}},"6":{"start":{"line":9,"column":0},"end":{"line":9,"column":37}},"7":{"start":{"line":11,"column":0},"end":{"line":11,"column":104}},"8":{"start":{"line":12,"column":0},"end":{"line":12,"column":104}},"9":{"start":{"line":13,"column":0},"end":{"line":64,"column":2}},"10":{"start":{"line":14,"column":2},"end":{"line":20,"column":4}},"11":{"start":{"line":22,"column":2},"end":{"line":22,"column":16}},"12":{"start":{"line":23,"column":2},"end":{"line":23,"column":117}},"13":{"start":{"line":24,"column":2},"end":{"line":24,"column":111}},"14":{"start":{"line":25,"column":2},"end":{"line":25,"column":91}},"15":{"start":{"line":26,"column":2},"end":{"line":26,"column":16}},"16":{"start":{"line":28,"column":2},"end":{"line":63,"column":5}},"17":{"start":{"line":42,"column":4},"end":{"line":42,"column":58}},"18":{"start":{"line":44,"column":4},"end":{"line":44,"column":13}},"19":{"start":{"line":45,"column":4},"end":{"line":53,"column":5}},"20":{"start":{"line":46,"column":6},"end":{"line":48,"column":8}},"21":{"start":{"line":49,"column":6},"end":{"line":49,"column":28}},"22":{"start":{"line":52,"column":6},"end":{"line":52,"column":94}},"23":{"start":{"line":55,"column":4},"end":{"line":62,"column":7}},"24":{"start":{"line":56,"column":6},"end":{"line":59,"column":9}},"25":{"start":{"line":61,"column":6},"end":{"line":61,"column":149}}},"branchMap":{"1":{"line":45,"type":"if","locations":[{"start":{"line":45,"column":4},"end":{"line":45,"column":4}},{"start":{"line":45,"column":4},"end":{"line":45,"column":4}}]}},"code":["'use strict';","","var chalk = require('chalk');","var fs = require('fs');","var RSVP = require('rsvp');","","var api = require('../../api');","var logger = require('../../logger');","var prompt = require('../../prompt');","","var INDEX_TEMPLATE = fs.readFileSync(__dirname + '/../../../templates/init/hosting/index.html', 'utf8');","var MISSING_TEMPLATE = fs.readFileSync(__dirname + '/../../../templates/init/hosting/404.html', 'utf8');","module.exports = function(setup, config) {","  setup.hosting = {","    ignore: [","      'firebase.json',","      '**/.*',","      '**/node_modules/**'","    ]","  };","","  logger.info();","  logger.info('Your ' + chalk.bold('public') + ' directory is the folder (relative to your project directory) that');","  logger.info('will contain Hosting assets to be uploaded with ' + chalk.bold('firebase deploy') + '. If you');","  logger.info('have a build process for your assets, use your build\\'s output directory.');","  logger.info();","","  return prompt(setup.hosting, [","    {","      name: 'public',","      type: 'input',","      default: 'public',","      message: 'What do you want to use as your public directory?'","    },","    {","      name: 'spa',","      type: 'confirm',","      default: false,","      message: 'Configure as a single-page app (rewrite all urls to /index.html)?'","    }","  ]).then(function() {","    setup.config.hosting = {public: setup.hosting.public};","","    var next;","    if (setup.hosting.spa) {","      setup.config.hosting.rewrites = [","        {source: '**', destination: '/index.html'}","      ];","      next = RSVP.resolve();","    } else {","      // SPA doesn't need a 404 page since everything is index.html","      next = config.askWriteProjectFile(setup.hosting.public + '/404.html', MISSING_TEMPLATE);","    }","","    return next.then(function() {","      return api.request('GET', '/firebasejs/releases.json', {","        origin: 'https://www.gstatic.com',","        json: true","      });","    }).then(function(response) {","      return config.askWriteProjectFile(setup.hosting.public + '/index.html', INDEX_TEMPLATE.replace(/{{VERSION}}/g, response.body.current.version));","    });","  });","};",""],"l":{"3":2,"4":2,"5":2,"7":2,"8":0,"9":0,"11":0,"12":0,"13":0,"14":0,"22":0,"23":0,"24":0,"25":0,"26":0,"28":0,"42":0,"44":0,"45":0,"46":0,"49":0,"52":0,"55":0,"56":0,"61":0}},"/home/travis/build/npmtest/node-npmtest-firebase-tools/node_modules/firebase-tools/lib/init/features/project.js":{"path":"/home/travis/build/npmtest/node-npmtest-firebase-tools/node_modules/firebase-tools/lib/init/features/project.js","s":{"1":2,"2":2,"3":2,"4":0,"5":0,"6":0,"7":0,"8":0,"9":0,"10":0,"11":0,"12":0,"13":0,"14":0,"15":0,"16":0,"17":0,"18":0,"19":0,"20":0,"21":0,"22":0,"23":0,"24":0,"25":0,"26":0,"27":0,"28":0,"29":0,"30":0,"31":0,"32":0,"33":0,"34":0,"35":0,"36":0},"b":{"1":[0,0],"2":[0,0],"3":[0,0],"4":[0,0]},"f":{"1":0,"2":0,"3":0,"4":0,"5":0},"fnMap":{"1":{"name":"(anonymous_1)","line":14,"loc":{"start":{"line":14,"column":17},"end":{"line":14,"column":41}}},"2":{"name":"(anonymous_2)","line":23,"loc":{"start":{"line":23,"column":32},"end":{"line":23,"column":51}}},"3":{"name":"(anonymous_3)","line":24,"loc":{"start":{"line":24,"column":34},"end":{"line":24,"column":60}}},"4":{"name":"(anonymous_4)","line":41,"loc":{"start":{"line":41,"column":16},"end":{"line":41,"column":33}}},"5":{"name":"(anonymous_5)","line":48,"loc":{"start":{"line":48,"column":12},"end":{"line":48,"column":32}}}},"statementMap":{"1":{"start":{"line":3,"column":0},"end":{"line":3,"column":29}},"2":{"start":{"line":5,"column":0},"end":{"line":5,"column":26}},"3":{"start":{"line":6,"column":0},"end":{"line":6,"column":31}},"4":{"start":{"line":7,"column":0},"end":{"line":7,"column":37}},"5":{"start":{"line":8,"column":0},"end":{"line":8,"column":37}},"6":{"start":{"line":9,"column":0},"end":{"line":9,"column":35}},"7":{"start":{"line":11,"column":0},"end":{"line":11,"column":52}},"8":{"start":{"line":12,"column":0},"end":{"line":12,"column":43}},"9":{"start":{"line":14,"column":0},"end":{"line":64,"column":2}},"10":{"start":{"line":15,"column":2},"end":{"line":15,"column":21}},"11":{"start":{"line":17,"column":2},"end":{"line":17,"column":16}},"12":{"start":{"line":18,"column":2},"end":{"line":18,"column":89}},"13":{"start":{"line":19,"column":2},"end":{"line":19,"column":111}},"14":{"start":{"line":20,"column":2},"end":{"line":20,"column":67}},"15":{"start":{"line":21,"column":2},"end":{"line":21,"column":16}},"16":{"start":{"line":23,"column":2},"end":{"line":63,"column":5}},"17":{"start":{"line":24,"column":4},"end":{"line":29,"column":7}},"18":{"start":{"line":25,"column":6},"end":{"line":28,"column":8}},"19":{"start":{"line":30,"column":4},"end":{"line":30,"column":89}},"20":{"start":{"line":32,"column":4},"end":{"line":35,"column":5}},"21":{"start":{"line":33,"column":6},"end":{"line":33,"column":77}},"22":{"start":{"line":34,"column":6},"end":{"line":34,"column":23}},"23":{"start":{"line":37,"column":4},"end":{"line":62,"column":7}},"24":{"start":{"line":42,"column":8},"end":{"line":44,"column":9}},"25":{"start":{"line":43,"column":10},"end":{"line":43,"column":69}},"26":{"start":{"line":45,"column":8},"end":{"line":45,"column":20}},"27":{"start":{"line":49,"column":6},"end":{"line":54,"column":7}},"28":{"start":{"line":50,"column":8},"end":{"line":50,"column":35}},"29":{"start":{"line":51,"column":8},"end":{"line":51,"column":15}},"30":{"start":{"line":52,"column":13},"end":{"line":54,"column":7}},"31":{"start":{"line":53,"column":8},"end":{"line":53,"column":15}},"32":{"start":{"line":55,"column":6},"end":{"line":55,"column":62}},"33":{"start":{"line":56,"column":6},"end":{"line":56,"column":63}},"34":{"start":{"line":59,"column":6},"end":{"line":59,"column":57}},"35":{"start":{"line":60,"column":6},"end":{"line":60,"column":32}},"36":{"start":{"line":61,"column":6},"end":{"line":61,"column":60}}},"branchMap":{"1":{"line":32,"type":"if","locations":[{"start":{"line":32,"column":4},"end":{"line":32,"column":4}},{"start":{"line":32,"column":4},"end":{"line":32,"column":4}}]},"2":{"line":42,"type":"if","locations":[{"start":{"line":42,"column":8},"end":{"line":42,"column":8}},{"start":{"line":42,"column":8},"end":{"line":42,"column":8}}]},"3":{"line":49,"type":"if","locations":[{"start":{"line":49,"column":6},"end":{"line":49,"column":6}},{"start":{"line":49,"column":6},"end":{"line":49,"column":6}}]},"4":{"line":52,"type":"if","locations":[{"start":{"line":52,"column":13},"end":{"line":52,"column":13}},{"start":{"line":52,"column":13},"end":{"line":52,"column":13}}]}},"code":["'use strict';","","var chalk = require('chalk');","","var _ = require('lodash');","var api = require('../../api');","var prompt = require('../../prompt');","var logger = require('../../logger');","var utils = require('../../utils');","","var NO_PROJECT = '[don\\'t setup a default project]';","var NEW_PROJECT = '[create a new project]';","","module.exports = function(setup, config) {","  setup.project = {};","","  logger.info();","  logger.info('First, let\\'s associate this project directory with a Firebase project.');","  logger.info('You can create multiple project aliases by running ' + chalk.bold('firebase use --add') + ', ');","  logger.info('but for now we\\'ll just set up a default project.');","  logger.info();","","  return api.getProjects().then(function(projects) {","    var choices = _.map(projects, function(info, projectId) {","      return {","        name: projectId,","        label: info.name + ' (' + projectId + ')'","      };","    });","    var nameOptions = [NO_PROJECT].concat(_.map(choices, 'label')).concat([NEW_PROJECT]);","","    if (_.has(setup.rcfile, 'projects.default')) {","      utils.logBullet('.firebaserc already has a default project, skipping');","      return undefined;","    }","","    return prompt.once({","      type: 'list',","      name: 'id',","      message: 'Select a default Firebase project for this directory:',","      validate: function(answer) {","        if (!_.includes(nameOptions, answer)) {","          return 'Must specify a Firebase to which you have access.';","        }","        return true;","      },","      choices: nameOptions","    }).then(function(projectId) {","      if (projectId === NEW_PROJECT) {","        setup.createProject = true;","        return;","      } else if (projectId === NO_PROJECT) {","        return;","      }","      projectId = prompt.listLabelToValue(projectId, choices);","      var instance = projects[projectId].instances.database[0];","","      // write \"default\" alias and activate it immediately","      _.set(setup.rcfile, 'projects.default', projectId);","      setup.instance = instance;","      utils.makeActiveProject(config.projectDir, projectId);","    });","  });","};",""],"l":{"3":2,"5":2,"6":2,"7":0,"8":0,"9":0,"11":0,"12":0,"14":0,"15":0,"17":0,"18":0,"19":0,"20":0,"21":0,"23":0,"24":0,"25":0,"30":0,"32":0,"33":0,"34":0,"37":0,"42":0,"43":0,"45":0,"49":0,"50":0,"51":0,"52":0,"53":0,"55":0,"56":0,"59":0,"60":0,"61":0}},"/home/travis/build/npmtest/node-npmtest-firebase-tools/node_modules/firebase-tools/lib/init/features/storage.js":{"path":"/home/travis/build/npmtest/node-npmtest-firebase-tools/node_modules/firebase-tools/lib/init/features/storage.js","s":{"1":1,"2":1,"3":1,"4":1,"5":1,"6":1,"7":0,"8":0,"9":0,"10":0,"11":0,"12":0,"13":0,"14":0},"b":{},"f":{"1":0,"2":0},"fnMap":{"1":{"name":"(anonymous_1)","line":11,"loc":{"start":{"line":11,"column":17},"end":{"line":11,"column":41}}},"2":{"name":"(anonymous_2)","line":27,"loc":{"start":{"line":27,"column":10},"end":{"line":27,"column":21}}}},"statementMap":{"1":{"start":{"line":3,"column":0},"end":{"line":3,"column":29}},"2":{"start":{"line":4,"column":0},"end":{"line":4,"column":23}},"3":{"start":{"line":6,"column":0},"end":{"line":6,"column":37}},"4":{"start":{"line":7,"column":0},"end":{"line":7,"column":37}},"5":{"start":{"line":9,"column":0},"end":{"line":9,"column":107}},"6":{"start":{"line":11,"column":0},"end":{"line":30,"column":2}},"7":{"start":{"line":12,"column":2},"end":{"line":12,"column":28}},"8":{"start":{"line":14,"column":2},"end":{"line":14,"column":16}},"9":{"start":{"line":15,"column":2},"end":{"line":15,"column":91}},"10":{"start":{"line":16,"column":2},"end":{"line":16,"column":91}},"11":{"start":{"line":17,"column":2},"end":{"line":17,"column":78}},"12":{"start":{"line":18,"column":2},"end":{"line":18,"column":16}},"13":{"start":{"line":20,"column":2},"end":{"line":29,"column":5}},"14":{"start":{"line":28,"column":4},"end":{"line":28,"column":79}}},"branchMap":{},"code":["'use strict';","","var chalk = require('chalk');","var fs = require('fs');","","var prompt = require('../../prompt');","var logger = require('../../logger');","","var RULES_TEMPLATE = fs.readFileSync(__dirname + '/../../../templates/init/storage/storage.rules', 'utf8');","","module.exports = function(setup, config) {","  setup.config.storage = {};","","  logger.info();","  logger.info('Firebase Storage Security Rules allow you to define how and when to allow');","  logger.info('uploads and downloads. You can keep these rules in your project directory');","  logger.info('and publish them with ' + chalk.bold('firebase deploy') + '.');","  logger.info();","","  return prompt(setup.config.storage, [","    {","      type: 'input',","      name: 'rules',","      message: 'What file should be used for Storage Rules?',","      default: 'storage.rules'","    }","  ]).then(function() {","    return config.writeProjectFile(setup.config.storage.rules, RULES_TEMPLATE);","  });","};",""],"l":{"3":1,"4":1,"6":1,"7":1,"9":1,"11":1,"12":0,"14":0,"15":0,"16":0,"17":0,"18":0,"20":0,"28":0}}}